{"/home/travis/build/npmtest/node-npmtest-xss/test.js":{"path":"/home/travis/build/npmtest/node-npmtest-xss/test.js","s":{"1":2,"2":2,"3":2,"4":2,"5":2,"6":2,"7":2,"8":1,"9":2,"10":2,"11":1,"12":1,"13":1,"14":1,"15":2,"16":2,"17":2,"18":2,"19":1,"20":1,"21":2,"22":2,"23":2,"24":1,"25":1,"26":1,"27":1,"28":1,"29":1,"30":1,"31":1,"32":1,"33":1,"34":1,"35":1,"36":1,"37":1,"38":1,"39":2,"40":2,"41":1,"42":2,"43":2,"44":1,"45":2,"46":2,"47":1,"48":2,"49":2,"50":1,"51":1,"52":1,"53":1,"54":1},"b":{"1":[2,1,1,1],"2":[1,1,1,1],"3":[1,1],"4":[1,1],"5":[1,1],"6":[1,1],"7":[1,1],"8":[1,1],"9":[1,1],"10":[1,1,1],"11":[1,1],"12":[1,1],"13":[1,1],"14":[1,1],"15":[1,1],"16":[1,1],"17":[1,1]},"f":{"1":2,"2":2,"3":2,"4":2,"5":2,"6":1,"7":1,"8":1,"9":2,"10":2,"11":2,"12":2,"13":1},"fnMap":{"1":{"name":"(anonymous_1)","line":12,"loc":{"start":{"line":12,"column":1},"end":{"line":12,"column":13}}},"2":{"name":"(anonymous_2)","line":19,"loc":{"start":{"line":19,"column":5},"end":{"line":19,"column":17}}},"3":{"name":"(anonymous_3)","line":23,"loc":{"start":{"line":23,"column":24},"end":{"line":23,"column":36}}},"4":{"name":"(anonymous_4)","line":61,"loc":{"start":{"line":61,"column":5},"end":{"line":61,"column":17}}},"5":{"name":"(anonymous_5)","line":82,"loc":{"start":{"line":82,"column":5},"end":{"line":82,"column":17}}},"6":{"name":"(anonymous_6)","line":91,"loc":{"start":{"line":91,"column":77},"end":{"line":94,"column":10}}},"7":{"name":"(anonymous_7)","line":112,"loc":{"start":{"line":112,"column":83},"end":{"line":115,"column":10}},"skip":true},"8":{"name":"(anonymous_8)","line":123,"loc":{"start":{"line":123,"column":77},"end":{"line":126,"column":10}},"skip":true},"9":{"name":"(anonymous_9)","line":139,"loc":{"start":{"line":139,"column":12},"end":{"line":139,"column":40}},"skip":true},"10":{"name":"(anonymous_10)","line":147,"loc":{"start":{"line":147,"column":77},"end":{"line":150,"column":10}},"skip":true},"11":{"name":"(anonymous_11)","line":158,"loc":{"start":{"line":158,"column":83},"end":{"line":161,"column":10}},"skip":true},"12":{"name":"(anonymous_12)","line":169,"loc":{"start":{"line":169,"column":79},"end":{"line":172,"column":10}},"skip":true},"13":{"name":"(anonymous_13)","line":180,"loc":{"start":{"line":180,"column":75},"end":{"line":183,"column":10}},"skip":true}},"statementMap":{"1":{"start":{"line":12,"column":0},"end":{"line":195,"column":5}},"2":{"start":{"line":14,"column":4},"end":{"line":14,"column":14}},"3":{"start":{"line":19,"column":4},"end":{"line":56,"column":9}},"4":{"start":{"line":21,"column":8},"end":{"line":21,"column":19}},"5":{"start":{"line":23,"column":8},"end":{"line":35,"column":13}},"6":{"start":{"line":24,"column":12},"end":{"line":34,"column":13}},"7":{"start":{"line":25,"column":16},"end":{"line":28,"column":30}},"8":{"start":{"line":30,"column":16},"end":{"line":33,"column":27}},"9":{"start":{"line":37,"column":8},"end":{"line":39,"column":21}},"10":{"start":{"line":40,"column":8},"end":{"line":53,"column":9}},"11":{"start":{"line":43,"column":12},"end":{"line":46,"column":14}},"12":{"start":{"line":47,"column":12},"end":{"line":47,"column":18}},"13":{"start":{"line":50,"column":12},"end":{"line":51,"column":46}},"14":{"start":{"line":52,"column":12},"end":{"line":52,"column":18}},"15":{"start":{"line":55,"column":8},"end":{"line":55,"column":35}},"16":{"start":{"line":61,"column":4},"end":{"line":63,"column":9}},"17":{"start":{"line":62,"column":8},"end":{"line":62,"column":15}},"18":{"start":{"line":64,"column":4},"end":{"line":77,"column":5}},"19":{"start":{"line":70,"column":8},"end":{"line":70,"column":14}},"20":{"start":{"line":76,"column":8},"end":{"line":76,"column":14}},"21":{"start":{"line":82,"column":4},"end":{"line":84,"column":9}},"22":{"start":{"line":83,"column":8},"end":{"line":83,"column":15}},"23":{"start":{"line":85,"column":4},"end":{"line":194,"column":5}},"24":{"start":{"line":91,"column":8},"end":{"line":99,"column":10}},"25":{"start":{"line":98,"column":12},"end":{"line":98,"column":35}},"26":{"start":{"line":102,"column":8},"end":{"line":104,"column":63}},"27":{"start":{"line":105,"column":8},"end":{"line":105,"column":14}},"28":{"start":{"line":112,"column":8},"end":{"line":121,"column":10},"skip":true},"29":{"start":{"line":119,"column":12},"end":{"line":119,"column":55},"skip":true},"30":{"start":{"line":120,"column":12},"end":{"line":120,"column":48},"skip":true},"31":{"start":{"line":123,"column":8},"end":{"line":136,"column":10},"skip":true},"32":{"start":{"line":130,"column":12},"end":{"line":130,"column":76},"skip":true},"33":{"start":{"line":131,"column":12},"end":{"line":131,"column":73},"skip":true},"34":{"start":{"line":132,"column":12},"end":{"line":132,"column":74},"skip":true},"35":{"start":{"line":133,"column":12},"end":{"line":133,"column":79},"skip":true},"36":{"start":{"line":134,"column":12},"end":{"line":134,"column":25},"skip":true},"37":{"start":{"line":135,"column":12},"end":{"line":135,"column":45},"skip":true},"38":{"start":{"line":138,"column":8},"end":{"line":145,"column":14},"skip":true},"39":{"start":{"line":143,"column":16},"end":{"line":143,"column":29},"skip":true},"40":{"start":{"line":144,"column":16},"end":{"line":144,"column":55},"skip":true},"41":{"start":{"line":147,"column":8},"end":{"line":156,"column":10},"skip":true},"42":{"start":{"line":154,"column":12},"end":{"line":154,"column":25},"skip":true},"43":{"start":{"line":155,"column":12},"end":{"line":155,"column":45},"skip":true},"44":{"start":{"line":158,"column":8},"end":{"line":167,"column":10},"skip":true},"45":{"start":{"line":165,"column":12},"end":{"line":165,"column":25},"skip":true},"46":{"start":{"line":166,"column":12},"end":{"line":166,"column":48},"skip":true},"47":{"start":{"line":169,"column":8},"end":{"line":178,"column":10},"skip":true},"48":{"start":{"line":176,"column":12},"end":{"line":176,"column":25},"skip":true},"49":{"start":{"line":177,"column":12},"end":{"line":177,"column":46},"skip":true},"50":{"start":{"line":180,"column":8},"end":{"line":189,"column":10},"skip":true},"51":{"start":{"line":187,"column":12},"end":{"line":187,"column":94},"skip":true},"52":{"start":{"line":188,"column":12},"end":{"line":188,"column":48},"skip":true},"53":{"start":{"line":192,"column":8},"end":{"line":192,"column":35},"skip":true},"54":{"start":{"line":193,"column":8},"end":{"line":193,"column":14},"skip":true}},"branchMap":{"1":{"line":25,"type":"binary-expr","locations":[{"start":{"line":25,"column":23},"end":{"line":25,"column":62}},{"start":{"line":26,"column":20},"end":{"line":26,"column":70}},{"start":{"line":27,"column":20},"end":{"line":27,"column":71}},{"start":{"line":28,"column":20},"end":{"line":28,"column":29}}]},"2":{"line":30,"type":"binary-expr","locations":[{"start":{"line":30,"column":23},"end":{"line":30,"column":37}},{"start":{"line":31,"column":20},"end":{"line":31,"column":61}},{"start":{"line":32,"column":20},"end":{"line":32,"column":70}},{"start":{"line":33,"column":20},"end":{"line":33,"column":26}}]},"3":{"line":37,"type":"cond-expr","locations":[{"start":{"line":38,"column":14},"end":{"line":38,"column":20}},{"start":{"line":39,"column":14},"end":{"line":39,"column":20}}]},"4":{"line":40,"type":"switch","locations":[{"start":{"line":42,"column":8},"end":{"line":47,"column":18}},{"start":{"line":49,"column":8},"end":{"line":52,"column":18}}]},"5":{"line":44,"type":"binary-expr","locations":[{"start":{"line":44,"column":16},"end":{"line":44,"column":44}},{"start":{"line":44,"column":48},"end":{"line":44,"column":66}}]},"6":{"line":50,"type":"binary-expr","locations":[{"start":{"line":50,"column":21},"end":{"line":50,"column":49}},{"start":{"line":50,"column":53},"end":{"line":50,"column":72}}]},"7":{"line":64,"type":"switch","locations":[{"start":{"line":69,"column":4},"end":{"line":70,"column":14}},{"start":{"line":75,"column":4},"end":{"line":76,"column":14}}]},"8":{"line":85,"type":"switch","locations":[{"start":{"line":90,"column":4},"end":{"line":105,"column":14}},{"start":{"line":111,"column":4},"end":{"line":193,"column":14},"skip":true}]},"9":{"line":91,"type":"binary-expr","locations":[{"start":{"line":91,"column":42},"end":{"line":91,"column":73}},{"start":{"line":91,"column":77},"end":{"line":99,"column":9}}]},"10":{"line":102,"type":"binary-expr","locations":[{"start":{"line":102,"column":18},"end":{"line":102,"column":32}},{"start":{"line":103,"column":12},"end":{"line":103,"column":53}},{"start":{"line":104,"column":12},"end":{"line":104,"column":61}}]},"11":{"line":112,"type":"binary-expr","locations":[{"start":{"line":112,"column":45},"end":{"line":112,"column":79},"skip":true},{"start":{"line":112,"column":83},"end":{"line":121,"column":9},"skip":true}]},"12":{"line":123,"type":"binary-expr","locations":[{"start":{"line":123,"column":42},"end":{"line":123,"column":73},"skip":true},{"start":{"line":123,"column":77},"end":{"line":136,"column":9},"skip":true}]},"13":{"line":138,"type":"binary-expr","locations":[{"start":{"line":138,"column":48},"end":{"line":138,"column":85},"skip":true},{"start":{"line":139,"column":12},"end":{"line":145,"column":13},"skip":true}]},"14":{"line":147,"type":"binary-expr","locations":[{"start":{"line":147,"column":42},"end":{"line":147,"column":73},"skip":true},{"start":{"line":147,"column":77},"end":{"line":156,"column":9},"skip":true}]},"15":{"line":158,"type":"binary-expr","locations":[{"start":{"line":158,"column":45},"end":{"line":158,"column":79},"skip":true},{"start":{"line":158,"column":83},"end":{"line":167,"column":9},"skip":true}]},"16":{"line":169,"type":"binary-expr","locations":[{"start":{"line":169,"column":43},"end":{"line":169,"column":75},"skip":true},{"start":{"line":169,"column":79},"end":{"line":178,"column":9},"skip":true}]},"17":{"line":180,"type":"binary-expr","locations":[{"start":{"line":180,"column":41},"end":{"line":180,"column":71},"skip":true},{"start":{"line":180,"column":75},"end":{"line":189,"column":9},"skip":true}]}},"code":["/* istanbul instrument in package npmtest_xss */","/*jslint","    bitwise: true,","    browser: true,","    maxerr: 8,","    maxlen: 96,","    node: true,","    nomen: true,","    regexp: true,","    stupid: true","*/","(function () {","    'use strict';","    var local;","","","","    // run shared js-env code - pre-init","    (function () {","        // init local","        local = {};","        // init modeJs","        local.modeJs = (function () {","            try {","                return typeof navigator.userAgent === 'string' &&","                    typeof document.querySelector('body') === 'object' &&","                    typeof XMLHttpRequest.prototype.open === 'function' &&","                    'browser';","            } catch (errorCaughtBrowser) {","                return module.exports &&","                    typeof process.versions.node === 'string' &&","                    typeof require('http').createServer === 'function' &&","                    'node';","            }","        }());","        // init global","        local.global = local.modeJs === 'browser'","            ? window","            : global;","        switch (local.modeJs) {","        // re-init local from window.local","        case 'browser':","            local = local.global.utility2.objectSetDefault(","                local.global.utility2_rollup || local.global.local,","                local.global.utility2","            );","            break;","        // re-init local from example.js","        case 'node':","            local = (local.global.utility2_rollup || require('utility2'))","                .requireExampleJsFromReadme();","            break;","        }","        // export local","        local.global.local = local;","    }());","","","","    // run shared js-env code - function","    (function () {","        return;","    }());","    switch (local.modeJs) {","","","","    // run browser js-env code - function","    case 'browser':","        break;","","","","    // run node js-env code - function","    case 'node':","        break;","    }","","","","    // run shared js-env code - post-init","    (function () {","        return;","    }());","    switch (local.modeJs) {","","","","    // run browser js-env code - post-init","    case 'browser':","        local.testCase_browser_nullCase = local.testCase_browser_nullCase || function (","            options,","            onError","        ) {","        /*","         * this function will test browsers's null-case handling-behavior-behavior","         */","            onError(null, options);","        };","","        // run tests","        local.nop(local.modeTest &&","            document.querySelector('#testRunButton1') &&","            document.querySelector('#testRunButton1').click());","        break;","","","","    // run node js-env code - post-init","    /* istanbul ignore next */","    case 'node':","        local.testCase_buildApidoc_default = local.testCase_buildApidoc_default || function (","            options,","            onError","        ) {","        /*","         * this function will test buildApidoc's default handling-behavior-behavior","         */","            options = { modulePathList: module.paths };","            local.buildApidoc(options, onError);","        };","","        local.testCase_buildApp_default = local.testCase_buildApp_default || function (","            options,","            onError","        ) {","        /*","         * this function will test buildApp's default handling-behavior-behavior","         */","            local.testCase_buildReadme_default(options, local.onErrorThrow);","            local.testCase_buildLib_default(options, local.onErrorThrow);","            local.testCase_buildTest_default(options, local.onErrorThrow);","            local.testCase_buildCustomOrg_default(options, local.onErrorThrow);","            options = [];","            local.buildApp(options, onError);","        };","","        local.testCase_buildCustomOrg_default = local.testCase_buildCustomOrg_default ||","            function (options, onError) {","            /*","             * this function will test buildCustomOrg's default handling-behavior","             */","                options = {};","                local.buildCustomOrg(options, onError);","            };","","        local.testCase_buildLib_default = local.testCase_buildLib_default || function (","            options,","            onError","        ) {","        /*","         * this function will test buildLib's default handling-behavior","         */","            options = {};","            local.buildLib(options, onError);","        };","","        local.testCase_buildReadme_default = local.testCase_buildReadme_default || function (","            options,","            onError","        ) {","        /*","         * this function will test buildReadme's default handling-behavior-behavior","         */","            options = {};","            local.buildReadme(options, onError);","        };","","        local.testCase_buildTest_default = local.testCase_buildTest_default || function (","            options,","            onError","        ) {","        /*","         * this function will test buildTest's default handling-behavior","         */","            options = {};","            local.buildTest(options, onError);","        };","","        local.testCase_webpage_default = local.testCase_webpage_default || function (","            options,","            onError","        ) {","        /*","         * this function will test webpage's default handling-behavior","         */","            options = { modeCoverageMerge: true, url: local.serverLocalHost + '?modeTest=1' };","            local.browserTest(options, onError);","        };","","        // run test-server","        local.testRunServer(local);","        break;","    }","}());",""],"l":{"12":2,"14":2,"19":2,"21":2,"23":2,"24":2,"25":2,"30":1,"37":2,"40":2,"43":1,"47":1,"50":1,"52":1,"55":2,"61":2,"62":2,"64":2,"70":1,"76":1,"82":2,"83":2,"85":2,"91":1,"98":1,"102":1,"105":1,"112":1,"119":1,"120":1,"123":1,"130":1,"131":1,"132":1,"133":1,"134":1,"135":1,"138":1,"143":2,"144":2,"147":1,"154":2,"155":2,"158":1,"165":2,"166":2,"169":1,"176":2,"177":2,"180":1,"187":1,"188":1,"192":1,"193":1}},"/home/travis/build/npmtest/node-npmtest-xss/lib.npmtest_xss.js":{"path":"/home/travis/build/npmtest/node-npmtest-xss/lib.npmtest_xss.js","s":{"1":2,"2":2,"3":2,"4":2,"5":2,"6":2,"7":2,"8":1,"9":2,"10":2,"11":2,"12":2,"13":1,"14":1,"15":1,"16":1},"b":{"1":[2,1,1,1],"2":[1,1,1,1],"3":[1,1],"4":[2,2],"5":[1,1]},"f":{"1":2,"2":2,"3":2},"fnMap":{"1":{"name":"(anonymous_1)","line":12,"loc":{"start":{"line":12,"column":1},"end":{"line":12,"column":13}}},"2":{"name":"(anonymous_2)","line":19,"loc":{"start":{"line":19,"column":5},"end":{"line":19,"column":17}}},"3":{"name":"(anonymous_3)","line":23,"loc":{"start":{"line":23,"column":24},"end":{"line":23,"column":36}}}},"statementMap":{"1":{"start":{"line":12,"column":0},"end":{"line":53,"column":5}},"2":{"start":{"line":14,"column":4},"end":{"line":14,"column":14}},"3":{"start":{"line":19,"column":4},"end":{"line":52,"column":9}},"4":{"start":{"line":21,"column":8},"end":{"line":21,"column":19}},"5":{"start":{"line":23,"column":8},"end":{"line":35,"column":13}},"6":{"start":{"line":24,"column":12},"end":{"line":34,"column":13}},"7":{"start":{"line":25,"column":16},"end":{"line":28,"column":30}},"8":{"start":{"line":30,"column":16},"end":{"line":33,"column":27}},"9":{"start":{"line":37,"column":8},"end":{"line":39,"column":21}},"10":{"start":{"line":41,"column":8},"end":{"line":41,"column":54}},"11":{"start":{"line":43,"column":8},"end":{"line":43,"column":48}},"12":{"start":{"line":45,"column":8},"end":{"line":51,"column":9}},"13":{"start":{"line":46,"column":12},"end":{"line":46,"column":54}},"14":{"start":{"line":48,"column":12},"end":{"line":48,"column":35}},"15":{"start":{"line":49,"column":12},"end":{"line":49,"column":49}},"16":{"start":{"line":50,"column":12},"end":{"line":50,"column":43}}},"branchMap":{"1":{"line":25,"type":"binary-expr","locations":[{"start":{"line":25,"column":23},"end":{"line":25,"column":62}},{"start":{"line":26,"column":20},"end":{"line":26,"column":70}},{"start":{"line":27,"column":20},"end":{"line":27,"column":71}},{"start":{"line":28,"column":20},"end":{"line":28,"column":29}}]},"2":{"line":30,"type":"binary-expr","locations":[{"start":{"line":30,"column":23},"end":{"line":30,"column":37}},{"start":{"line":31,"column":20},"end":{"line":31,"column":61}},{"start":{"line":32,"column":20},"end":{"line":32,"column":70}},{"start":{"line":33,"column":20},"end":{"line":33,"column":26}}]},"3":{"line":37,"type":"cond-expr","locations":[{"start":{"line":38,"column":14},"end":{"line":38,"column":20}},{"start":{"line":39,"column":14},"end":{"line":39,"column":20}}]},"4":{"line":41,"type":"binary-expr","locations":[{"start":{"line":41,"column":16},"end":{"line":41,"column":44}},{"start":{"line":41,"column":48},"end":{"line":41,"column":53}}]},"5":{"line":45,"type":"if","locations":[{"start":{"line":45,"column":8},"end":{"line":45,"column":8}},{"start":{"line":45,"column":8},"end":{"line":45,"column":8}}]}},"code":["/* istanbul instrument in package npmtest_xss */","/*jslint","    bitwise: true,","    browser: true,","    maxerr: 8,","    maxlen: 96,","    node: true,","    nomen: true,","    regexp: true,","    stupid: true","*/","(function () {","    'use strict';","    var local;","","","","    // run shared js-env code - pre-init","    (function () {","        // init local","        local = {};","        // init modeJs","        local.modeJs = (function () {","            try {","                return typeof navigator.userAgent === 'string' &&","                    typeof document.querySelector('body') === 'object' &&","                    typeof XMLHttpRequest.prototype.open === 'function' &&","                    'browser';","            } catch (errorCaughtBrowser) {","                return module.exports &&","                    typeof process.versions.node === 'string' &&","                    typeof require('http').createServer === 'function' &&","                    'node';","            }","        }());","        // init global","        local.global = local.modeJs === 'browser'","            ? window","            : global;","        // init utility2_rollup","        local = local.global.utility2_rollup || local;","        // init lib","        local.local = local.npmtest_xss = local;","        // init exports","        if (local.modeJs === 'browser') {","            local.global.utility2_npmtest_xss = local;","        } else {","            module.exports = local;","            module.exports.__dirname = __dirname;","            module.exports.module = module;","        }","    }());","}());",""],"l":{"12":2,"14":2,"19":2,"21":2,"23":2,"24":2,"25":2,"30":1,"37":2,"41":2,"43":2,"45":2,"46":1,"48":1,"49":1,"50":1}},"/home/travis/build/npmtest/node-npmtest-xss/example.js":{"path":"/home/travis/build/npmtest/node-npmtest-xss/example.js","s":{"1":2,"2":2,"3":2,"4":2,"5":2,"6":2,"7":2,"8":1,"9":2,"10":2,"11":2,"12":2,"13":1,"14":2,"15":2,"16":2,"17":2,"18":2,"19":0,"20":2,"21":1,"22":1,"23":1,"24":1,"25":1,"26":0,"27":0,"28":1,"29":1,"30":2,"31":0,"32":0,"33":0,"34":1,"35":2,"36":2,"37":3,"38":3,"39":3,"40":3,"41":0,"42":3,"43":3,"44":3,"45":1,"46":3,"47":1,"48":1,"49":1,"50":1,"51":1,"52":1,"53":1,"54":1,"55":1,"56":1,"57":0,"58":1,"59":6,"60":6,"61":1,"62":2,"63":0,"64":2,"65":1,"66":1,"67":0,"68":0,"69":0,"70":0,"71":0,"72":0,"73":0,"74":0,"75":0,"76":0,"77":0,"78":0,"79":0,"80":0,"81":0,"82":0,"83":0},"b":{"1":[2,1,1,1],"2":[1,1,1,1],"3":[1,1],"4":[2,2],"5":[1,1],"6":[1,1],"7":[2,0],"8":[2,1,1,1,1,1],"9":[0,2,0],"10":[1,1],"11":[2,1,1],"12":[1,0],"13":[0,2],"14":[2,0,0,0,0,0,0],"15":[0,3],"16":[3,0],"17":[1,1],"18":[0,1],"19":[1,2,0,2],"20":[1,0],"21":[1,1],"22":[0,0],"23":[0,0],"24":[0,0],"25":[0,0],"26":[0,0],"27":[0,0],"28":[0,0]},"f":{"1":2,"2":2,"3":2,"4":2,"5":2,"6":2,"7":3,"8":3,"9":3,"10":1,"11":6,"12":0},"fnMap":{"1":{"name":"(anonymous_1)","line":26,"loc":{"start":{"line":26,"column":1},"end":{"line":26,"column":13}}},"2":{"name":"(anonymous_2)","line":33,"loc":{"start":{"line":33,"column":5},"end":{"line":33,"column":17}}},"3":{"name":"(anonymous_3)","line":37,"loc":{"start":{"line":37,"column":24},"end":{"line":37,"column":36}}},"4":{"name":"(anonymous_4)","line":69,"loc":{"start":{"line":69,"column":31},"end":{"line":69,"column":48}},"skip":true},"5":{"name":"(anonymous_5)","line":78,"loc":{"start":{"line":78,"column":26},"end":{"line":78,"column":45}},"skip":true},"6":{"name":"(anonymous_6)","line":123,"loc":{"start":{"line":123,"column":33},"end":{"line":123,"column":48}},"skip":true},"7":{"name":"(anonymous_7)","line":125,"loc":{"start":{"line":125,"column":27},"end":{"line":125,"column":39}},"skip":true},"8":{"name":"(anonymous_8)","line":133,"loc":{"start":{"line":133,"column":59},"end":{"line":133,"column":74}},"skip":true},"9":{"name":"(anonymous_9)","line":143,"loc":{"start":{"line":143,"column":45},"end":{"line":143,"column":62}},"skip":true},"10":{"name":"(anonymous_10)","line":144,"loc":{"start":{"line":144,"column":73},"end":{"line":144,"column":92}},"skip":true},"11":{"name":"(anonymous_11)","line":272,"loc":{"start":{"line":272,"column":51},"end":{"line":272,"column":77}},"skip":true},"12":{"name":"(anonymous_12)","line":315,"loc":{"start":{"line":315,"column":32},"end":{"line":315,"column":61}},"skip":true}},"statementMap":{"1":{"start":{"line":26,"column":0},"end":{"line":326,"column":5}},"2":{"start":{"line":28,"column":4},"end":{"line":28,"column":14}},"3":{"start":{"line":33,"column":4},"end":{"line":60,"column":9}},"4":{"start":{"line":35,"column":8},"end":{"line":35,"column":19}},"5":{"start":{"line":37,"column":8},"end":{"line":49,"column":13}},"6":{"start":{"line":38,"column":12},"end":{"line":48,"column":13}},"7":{"start":{"line":39,"column":16},"end":{"line":42,"column":30}},"8":{"start":{"line":44,"column":16},"end":{"line":47,"column":27}},"9":{"start":{"line":51,"column":8},"end":{"line":53,"column":21}},"10":{"start":{"line":55,"column":8},"end":{"line":57,"column":45}},"11":{"start":{"line":59,"column":8},"end":{"line":59,"column":35}},"12":{"start":{"line":61,"column":4},"end":{"line":325,"column":5}},"13":{"start":{"line":69,"column":8},"end":{"line":121,"column":10},"skip":true},"14":{"start":{"line":70,"column":12},"end":{"line":88,"column":13},"skip":true},"15":{"start":{"line":76,"column":16},"end":{"line":87,"column":19},"skip":true},"16":{"start":{"line":79,"column":20},"end":{"line":86,"column":21},"skip":true},"17":{"start":{"line":82,"column":24},"end":{"line":82,"column":43},"skip":true},"18":{"start":{"line":83,"column":24},"end":{"line":83,"column":30},"skip":true},"19":{"start":{"line":85,"column":24},"end":{"line":85,"column":49},"skip":true},"20":{"start":{"line":89,"column":12},"end":{"line":107,"column":13},"skip":true},"21":{"start":{"line":92,"column":16},"end":{"line":102,"column":17},"skip":true},"22":{"start":{"line":93,"column":20},"end":{"line":93,"column":86},"skip":true},"23":{"start":{"line":94,"column":20},"end":{"line":95,"column":45},"skip":true},"24":{"start":{"line":96,"column":20},"end":{"line":96,"column":42},"skip":true},"25":{"start":{"line":97,"column":20},"end":{"line":97,"column":48},"skip":true},"26":{"start":{"line":100,"column":20},"end":{"line":100,"column":85},"skip":true},"27":{"start":{"line":101,"column":20},"end":{"line":101,"column":96},"skip":true},"28":{"start":{"line":103,"column":16},"end":{"line":103,"column":22},"skip":true},"29":{"start":{"line":106,"column":16},"end":{"line":106,"column":22},"skip":true},"30":{"start":{"line":108,"column":12},"end":{"line":120,"column":13},"skip":true},"31":{"start":{"line":114,"column":16},"end":{"line":119,"column":17},"skip":true},"32":{"start":{"line":116,"column":20},"end":{"line":116,"column":78},"skip":true},"33":{"start":{"line":118,"column":20},"end":{"line":118,"column":47},"skip":true},"34":{"start":{"line":123,"column":8},"end":{"line":141,"column":11},"skip":true},"35":{"start":{"line":124,"column":12},"end":{"line":124,"column":54},"skip":true},"36":{"start":{"line":125,"column":12},"end":{"line":140,"column":14},"skip":true},"37":{"start":{"line":126,"column":16},"end":{"line":126,"column":28},"skip":true},"38":{"start":{"line":127,"column":16},"end":{"line":127,"column":69},"skip":true},"39":{"start":{"line":128,"column":16},"end":{"line":128,"column":75},"skip":true},"40":{"start":{"line":129,"column":16},"end":{"line":131,"column":17},"skip":true},"41":{"start":{"line":130,"column":20},"end":{"line":130,"column":27},"skip":true},"42":{"start":{"line":133,"column":16},"end":{"line":137,"column":36},"skip":true},"43":{"start":{"line":134,"column":20},"end":{"line":136,"column":55},"skip":true},"44":{"start":{"line":139,"column":16},"end":{"line":139,"column":57},"skip":true},"45":{"start":{"line":143,"column":8},"end":{"line":147,"column":11},"skip":true},"46":{"start":{"line":144,"column":12},"end":{"line":146,"column":15},"skip":true},"47":{"start":{"line":145,"column":16},"end":{"line":145,"column":70},"skip":true},"48":{"start":{"line":149,"column":8},"end":{"line":149,"column":31},"skip":true},"49":{"start":{"line":150,"column":8},"end":{"line":150,"column":14},"skip":true},"50":{"start":{"line":158,"column":8},"end":{"line":158,"column":31},"skip":true},"51":{"start":{"line":160,"column":8},"end":{"line":160,"column":33},"skip":true},"52":{"start":{"line":161,"column":8},"end":{"line":161,"column":37},"skip":true},"53":{"start":{"line":162,"column":8},"end":{"line":162,"column":35},"skip":true},"54":{"start":{"line":164,"column":8},"end":{"line":164,"column":50},"skip":true},"55":{"start":{"line":166,"column":8},"end":{"line":256,"column":2},"skip":true},"56":{"start":{"line":258,"column":8},"end":{"line":286,"column":9},"skip":true},"57":{"start":{"line":259,"column":12},"end":{"line":269,"column":14},"skip":true},"58":{"start":{"line":271,"column":12},"end":{"line":285,"column":19},"skip":true},"59":{"start":{"line":274,"column":20},"end":{"line":274,"column":35},"skip":true},"60":{"start":{"line":275,"column":20},"end":{"line":284,"column":21},"skip":true},"61":{"start":{"line":277,"column":24},"end":{"line":277,"column":64},"skip":true},"62":{"start":{"line":279,"column":24},"end":{"line":279,"column":40},"skip":true},"63":{"start":{"line":281,"column":24},"end":{"line":281,"column":40},"skip":true},"64":{"start":{"line":283,"column":24},"end":{"line":283,"column":39},"skip":true},"65":{"start":{"line":288,"column":8},"end":{"line":290,"column":9},"skip":true},"66":{"start":{"line":289,"column":12},"end":{"line":289,"column":18},"skip":true},"67":{"start":{"line":291,"column":8},"end":{"line":293,"column":54},"skip":true},"68":{"start":{"line":296,"column":8},"end":{"line":301,"column":37},"skip":true},"69":{"start":{"line":303,"column":8},"end":{"line":303,"column":82},"skip":true},"70":{"start":{"line":306,"column":8},"end":{"line":308,"column":9},"skip":true},"71":{"start":{"line":307,"column":12},"end":{"line":307,"column":82},"skip":true},"72":{"start":{"line":310,"column":8},"end":{"line":312,"column":9},"skip":true},"73":{"start":{"line":311,"column":12},"end":{"line":311,"column":18},"skip":true},"74":{"start":{"line":313,"column":8},"end":{"line":313,"column":54},"skip":true},"75":{"start":{"line":314,"column":8},"end":{"line":314,"column":69},"skip":true},"76":{"start":{"line":315,"column":8},"end":{"line":323,"column":36},"skip":true},"77":{"start":{"line":316,"column":12},"end":{"line":316,"column":61},"skip":true},"78":{"start":{"line":317,"column":12},"end":{"line":320,"column":13},"skip":true},"79":{"start":{"line":318,"column":16},"end":{"line":318,"column":75},"skip":true},"80":{"start":{"line":319,"column":16},"end":{"line":319,"column":23},"skip":true},"81":{"start":{"line":321,"column":12},"end":{"line":321,"column":38},"skip":true},"82":{"start":{"line":322,"column":12},"end":{"line":322,"column":27},"skip":true},"83":{"start":{"line":324,"column":8},"end":{"line":324,"column":14},"skip":true}},"branchMap":{"1":{"line":39,"type":"binary-expr","locations":[{"start":{"line":39,"column":23},"end":{"line":39,"column":62}},{"start":{"line":40,"column":20},"end":{"line":40,"column":70}},{"start":{"line":41,"column":20},"end":{"line":41,"column":71}},{"start":{"line":42,"column":20},"end":{"line":42,"column":29}}]},"2":{"line":44,"type":"binary-expr","locations":[{"start":{"line":44,"column":23},"end":{"line":44,"column":37}},{"start":{"line":45,"column":20},"end":{"line":45,"column":61}},{"start":{"line":46,"column":20},"end":{"line":46,"column":70}},{"start":{"line":47,"column":20},"end":{"line":47,"column":26}}]},"3":{"line":51,"type":"cond-expr","locations":[{"start":{"line":52,"column":14},"end":{"line":52,"column":20}},{"start":{"line":53,"column":14},"end":{"line":53,"column":20}}]},"4":{"line":55,"type":"binary-expr","locations":[{"start":{"line":55,"column":16},"end":{"line":55,"column":44}},{"start":{"line":55,"column":49},"end":{"line":57,"column":43}}]},"5":{"line":55,"type":"cond-expr","locations":[{"start":{"line":56,"column":14},"end":{"line":56,"column":47}},{"start":{"line":57,"column":14},"end":{"line":57,"column":43}}]},"6":{"line":61,"type":"switch","locations":[{"start":{"line":68,"column":4},"end":{"line":150,"column":14},"skip":true},{"start":{"line":156,"column":4},"end":{"line":324,"column":14},"skip":true}]},"7":{"line":70,"type":"if","locations":[{"start":{"line":70,"column":12},"end":{"line":70,"column":12},"skip":true},{"start":{"line":70,"column":12},"end":{"line":70,"column":12},"skip":true}]},"8":{"line":70,"type":"binary-expr","locations":[{"start":{"line":70,"column":16},"end":{"line":70,"column":22},"skip":true},{"start":{"line":70,"column":27},"end":{"line":70,"column":32},"skip":true},{"start":{"line":71,"column":20},"end":{"line":71,"column":39},"skip":true},{"start":{"line":72,"column":20},"end":{"line":72,"column":49},"skip":true},{"start":{"line":73,"column":20},"end":{"line":73,"column":58},"skip":true},{"start":{"line":74,"column":20},"end":{"line":74,"column":69},"skip":true}]},"9":{"line":79,"type":"switch","locations":[{"start":{"line":80,"column":20},"end":{"line":80,"column":33},"skip":true},{"start":{"line":81,"column":20},"end":{"line":83,"column":30},"skip":true},{"start":{"line":84,"column":20},"end":{"line":85,"column":49},"skip":true}]},"10":{"line":89,"type":"switch","locations":[{"start":{"line":90,"column":12},"end":{"line":103,"column":22},"skip":true},{"start":{"line":105,"column":12},"end":{"line":106,"column":22},"skip":true}]},"11":{"line":89,"type":"binary-expr","locations":[{"start":{"line":89,"column":20},"end":{"line":89,"column":25},"skip":true},{"start":{"line":89,"column":29},"end":{"line":89,"column":48},"skip":true},{"start":{"line":89,"column":52},"end":{"line":89,"column":74},"skip":true}]},"12":{"line":92,"type":"if","locations":[{"start":{"line":92,"column":16},"end":{"line":92,"column":16},"skip":true},{"start":{"line":92,"column":16},"end":{"line":92,"column":16},"skip":true}]},"13":{"line":108,"type":"if","locations":[{"start":{"line":108,"column":12},"end":{"line":108,"column":12},"skip":true},{"start":{"line":108,"column":12},"end":{"line":108,"column":12},"skip":true}]},"14":{"line":108,"type":"binary-expr","locations":[{"start":{"line":108,"column":16},"end":{"line":108,"column":61},"skip":true},{"start":{"line":108,"column":66},"end":{"line":108,"column":72},"skip":true},{"start":{"line":108,"column":77},"end":{"line":108,"column":82},"skip":true},{"start":{"line":109,"column":20},"end":{"line":109,"column":39},"skip":true},{"start":{"line":110,"column":20},"end":{"line":110,"column":49},"skip":true},{"start":{"line":111,"column":20},"end":{"line":111,"column":58},"skip":true},{"start":{"line":112,"column":20},"end":{"line":112,"column":68},"skip":true}]},"15":{"line":129,"type":"if","locations":[{"start":{"line":129,"column":16},"end":{"line":129,"column":16},"skip":true},{"start":{"line":129,"column":16},"end":{"line":129,"column":16},"skip":true}]},"16":{"line":134,"type":"cond-expr","locations":[{"start":{"line":135,"column":26},"end":{"line":135,"column":29},"skip":true},{"start":{"line":136,"column":26},"end":{"line":136,"column":54},"skip":true}]},"17":{"line":164,"type":"binary-expr","locations":[{"start":{"line":164,"column":27},"end":{"line":164,"column":43},"skip":true},{"start":{"line":164,"column":47},"end":{"line":164,"column":49},"skip":true}]},"18":{"line":258,"type":"if","locations":[{"start":{"line":258,"column":8},"end":{"line":258,"column":8},"skip":true},{"start":{"line":258,"column":8},"end":{"line":258,"column":8},"skip":true}]},"19":{"line":275,"type":"switch","locations":[{"start":{"line":276,"column":20},"end":{"line":277,"column":64},"skip":true},{"start":{"line":278,"column":20},"end":{"line":279,"column":40},"skip":true},{"start":{"line":280,"column":20},"end":{"line":281,"column":40},"skip":true},{"start":{"line":282,"column":20},"end":{"line":283,"column":39},"skip":true}]},"20":{"line":288,"type":"if","locations":[{"start":{"line":288,"column":8},"end":{"line":288,"column":8},"skip":true},{"start":{"line":288,"column":8},"end":{"line":288,"column":8},"skip":true}]},"21":{"line":288,"type":"binary-expr","locations":[{"start":{"line":288,"column":12},"end":{"line":288,"column":40},"skip":true},{"start":{"line":288,"column":44},"end":{"line":288,"column":67},"skip":true}]},"22":{"line":292,"type":"binary-expr","locations":[{"start":{"line":292,"column":12},"end":{"line":292,"column":50},"skip":true},{"start":{"line":293,"column":12},"end":{"line":293,"column":53},"skip":true}]},"23":{"line":297,"type":"binary-expr","locations":[{"start":{"line":297,"column":12},"end":{"line":297,"column":61},"skip":true},{"start":{"line":298,"column":12},"end":{"line":301,"column":36},"skip":true}]},"24":{"line":303,"type":"binary-expr","locations":[{"start":{"line":303,"column":43},"end":{"line":303,"column":75},"skip":true},{"start":{"line":303,"column":79},"end":{"line":303,"column":81},"skip":true}]},"25":{"line":306,"type":"if","locations":[{"start":{"line":306,"column":8},"end":{"line":306,"column":8},"skip":true},{"start":{"line":306,"column":8},"end":{"line":306,"column":8},"skip":true}]},"26":{"line":310,"type":"if","locations":[{"start":{"line":310,"column":8},"end":{"line":310,"column":8},"skip":true},{"start":{"line":310,"column":8},"end":{"line":310,"column":8},"skip":true}]},"27":{"line":313,"type":"binary-expr","locations":[{"start":{"line":313,"column":27},"end":{"line":313,"column":43},"skip":true},{"start":{"line":313,"column":47},"end":{"line":313,"column":53},"skip":true}]},"28":{"line":317,"type":"if","locations":[{"start":{"line":317,"column":12},"end":{"line":317,"column":12},"skip":true},{"start":{"line":317,"column":12},"end":{"line":317,"column":12},"skip":true}]}},"code":["/*","example.js","","quickstart example","","instruction","    1. save this script as example.js","    2. run the shell command:","        $ npm install npmtest-xss && PORT=8081 node example.js","    3. play with the browser-demo on http://127.0.0.1:8081","*/","","","","/* istanbul instrument in package npmtest_xss */","/*jslint","    bitwise: true,","    browser: true,","    maxerr: 8,","    maxlen: 96,","    node: true,","    nomen: true,","    regexp: true,","    stupid: true","*/","(function () {","    'use strict';","    var local;","","","","    // run shared js-env code - pre-init","    (function () {","        // init local","        local = {};","        // init modeJs","        local.modeJs = (function () {","            try {","                return typeof navigator.userAgent === 'string' &&","                    typeof document.querySelector('body') === 'object' &&","                    typeof XMLHttpRequest.prototype.open === 'function' &&","                    'browser';","            } catch (errorCaughtBrowser) {","                return module.exports &&","                    typeof process.versions.node === 'string' &&","                    typeof require('http').createServer === 'function' &&","                    'node';","            }","        }());","        // init global","        local.global = local.modeJs === 'browser'","            ? window","            : global;","        // init utility2_rollup","        local = local.global.utility2_rollup || (local.modeJs === 'browser'","            ? local.global.utility2_npmtest_xss","            : global.utility2_moduleExports);","        // export local","        local.global.local = local;","    }());","    switch (local.modeJs) {","","","","    // post-init","    // run browser js-env code - post-init","    /* istanbul ignore next */","    case 'browser':","        local.testRunBrowser = function (event) {","            if (!event || (event &&","                    event.currentTarget &&","                    event.currentTarget.className &&","                    event.currentTarget.className.includes &&","                    event.currentTarget.className.includes('onreset'))) {","                // reset output","                Array.from(","                    document.querySelectorAll('body > .resettable')","                ).forEach(function (element) {","                    switch (element.tagName) {","                    case 'INPUT':","                    case 'TEXTAREA':","                        element.value = '';","                        break;","                    default:","                        element.textContent = '';","                    }","                });","            }","            switch (event && event.currentTarget && event.currentTarget.id) {","            case 'testRunButton1':","                // show tests","                if (document.querySelector('#testReportDiv1').style.display === 'none') {","                    document.querySelector('#testReportDiv1').style.display = 'block';","                    document.querySelector('#testRunButton1').textContent =","                        'hide internal test';","                    local.modeTest = true;","                    local.testRunDefault(local);","                // hide tests","                } else {","                    document.querySelector('#testReportDiv1').style.display = 'none';","                    document.querySelector('#testRunButton1').textContent = 'run internal test';","                }","                break;","            // custom-case","            default:","                break;","            }","            if (document.querySelector('#inputTextareaEval1') && (!event || (event &&","                    event.currentTarget &&","                    event.currentTarget.className &&","                    event.currentTarget.className.includes &&","                    event.currentTarget.className.includes('oneval')))) {","                // try to eval input-code","                try {","                    /*jslint evil: true*/","                    eval(document.querySelector('#inputTextareaEval1').value);","                } catch (errorCaught) {","                    console.error(errorCaught);","                }","            }","        };","        // log stderr and stdout to #outputTextareaStdout1","        ['error', 'log'].forEach(function (key) {","            console[key + '_original'] = console[key];","            console[key] = function () {","                var element;","                console[key + '_original'].apply(console, arguments);","                element = document.querySelector('#outputTextareaStdout1');","                if (!element) {","                    return;","                }","                // append text to #outputTextareaStdout1","                element.value += Array.from(arguments).map(function (arg) {","                    return typeof arg === 'string'","                        ? arg","                        : JSON.stringify(arg, null, 4);","                }).join(' ') + '\\n';","                // scroll textarea to bottom","                element.scrollTop = element.scrollHeight;","            };","        });","        // init event-handling","        ['change', 'click', 'keyup'].forEach(function (event) {","            Array.from(document.querySelectorAll('.on' + event)).forEach(function (element) {","                element.addEventListener(event, local.testRunBrowser);","            });","        });","        // run tests","        local.testRunBrowser();","        break;","","","","    // run node js-env code - post-init","    /* istanbul ignore next */","    case 'node':","        // export local","        module.exports = local;","        // require modules","        local.fs = require('fs');","        local.http = require('http');","        local.url = require('url');","        // init assets","        local.assetsDict = local.assetsDict || {};","        /* jslint-ignore-begin */","        local.assetsDict['/assets.index.template.html'] = '\\","<!doctype html>\\n\\","<html lang=\"en\">\\n\\","<head>\\n\\","<meta charset=\"UTF-8\">\\n\\","<meta name=\"viewport\" content=\"width=device-width, initial-scale=1\">\\n\\","<title>{{env.npm_package_name}} (v{{env.npm_package_version}})</title>\\n\\","<style>\\n\\","/*csslint\\n\\","    box-sizing: false,\\n\\","    universal-selector: false\\n\\","*/\\n\\","* {\\n\\","    box-sizing: border-box;\\n\\","}\\n\\","body {\\n\\","    background: #dde;\\n\\","    font-family: Arial, Helvetica, sans-serif;\\n\\","    margin: 2rem;\\n\\","}\\n\\","body > * {\\n\\","    margin-bottom: 1rem;\\n\\","}\\n\\",".utility2FooterDiv {\\n\\","    margin-top: 20px;\\n\\","    text-align: center;\\n\\","}\\n\\","</style>\\n\\","<style>\\n\\","/*csslint\\n\\","*/\\n\\","textarea {\\n\\","    font-family: monospace;\\n\\","    height: 10rem;\\n\\","    width: 100%;\\n\\","}\\n\\","textarea[readonly] {\\n\\","    background: #ddd;\\n\\","}\\n\\","</style>\\n\\","</head>\\n\\","<body>\\n\\","<!-- utility2-comment\\n\\","<div id=\"ajaxProgressDiv1\" style=\"background: #d00; height: 2px; left: 0; margin: 0; padding: 0; position: fixed; top: 0; transition: background 0.5s, width 1.5s; width: 25%;\"></div>\\n\\","utility2-comment -->\\n\\","<h1>\\n\\","<!-- utility2-comment\\n\\","    <a\\n\\","        {{#if env.npm_package_homepage}}\\n\\","        href=\"{{env.npm_package_homepage}}\"\\n\\","        {{/if env.npm_package_homepage}}\\n\\","        target=\"_blank\"\\n\\","    >\\n\\","utility2-comment -->\\n\\","        {{env.npm_package_name}} (v{{env.npm_package_version}})\\n\\","<!-- utility2-comment\\n\\","    </a>\\n\\","utility2-comment -->\\n\\","</h1>\\n\\","<h3>{{env.npm_package_description}}</h3>\\n\\","<!-- utility2-comment\\n\\","<h4><a download href=\"assets.app.js\">download standalone app</a></h4>\\n\\","<button class=\"onclick onreset\" id=\"testRunButton1\">run internal test</button><br>\\n\\","<div id=\"testReportDiv1\" style=\"display: none;\"></div>\\n\\","utility2-comment -->\\n\\","\\n\\","\\n\\","\\n\\","<label>stderr and stdout</label>\\n\\","<textarea class=\"resettable\" id=\"outputTextareaStdout1\" readonly></textarea>\\n\\","<!-- utility2-comment\\n\\","{{#if isRollup}}\\n\\","<script src=\"assets.app.js\"></script>\\n\\","{{#unless isRollup}}\\n\\","utility2-comment -->\\n\\","<script src=\"assets.utility2.rollup.js\"></script>\\n\\","<script src=\"jsonp.utility2._stateInit?callback=window.utility2._stateInit\"></script>\\n\\","<script src=\"assets.npmtest_xss.rollup.js\"></script>\\n\\","<script src=\"assets.example.js\"></script>\\n\\","<script src=\"assets.test.js\"></script>\\n\\","<!-- utility2-comment\\n\\","{{/if isRollup}}\\n\\","utility2-comment -->\\n\\","<div class=\"utility2FooterDiv\">\\n\\","    [ this app was created with\\n\\","    <a href=\"https://github.com/kaizhu256/node-utility2\" target=\"_blank\">utility2</a>\\n\\","    ]\\n\\","</div>\\n\\","</body>\\n\\","</html>\\n\\","';","        /* jslint-ignore-end */","        if (local.templateRender) {","            local.assetsDict['/'] = local.templateRender(","                local.assetsDict['/assets.index.template.html'],","                {","                    env: local.objectSetDefault(local.env, {","                        npm_package_description: 'the greatest app in the world!',","                        npm_package_name: 'my-app',","                        npm_package_nameAlias: 'my_app',","                        npm_package_version: '0.0.1'","                    })","                }","            );","        } else {","            local.assetsDict['/'] = local.assetsDict['/assets.index.template.html']","                .replace((/\\{\\{env\\.(\\w+?)\\}\\}/g), function (match0, match1) {","                    // jslint-hack","                    String(match0);","                    switch (match1) {","                    case 'npm_package_description':","                        return 'the greatest app in the world!';","                    case 'npm_package_name':","                        return 'my-app';","                    case 'npm_package_nameAlias':","                        return 'my_app';","                    case 'npm_package_version':","                        return '0.0.1';","                    }","                });","        }","        // run the cli","        if (local.global.utility2_rollup || module !== require.main) {","            break;","        }","        local.assetsDict['/assets.example.js'] =","            local.assetsDict['/assets.example.js'] ||","            local.fs.readFileSync(__filename, 'utf8');","        // bug-workaround - long $npm_package_buildCustomOrg","        /* jslint-ignore-begin */","        local.assetsDict['/assets.npmtest_xss.rollup.js'] =","            local.assetsDict['/assets.npmtest_xss.rollup.js'] ||","            local.fs.readFileSync(","                local.npmtest_xss.__dirname + '/lib.npmtest_xss.js',","                'utf8'","            ).replace((/^#!/), '//');","        /* jslint-ignore-end */","        local.assetsDict['/favicon.ico'] = local.assetsDict['/favicon.ico'] || '';","        // if $npm_config_timeout_exit exists,","        // then exit this process after $npm_config_timeout_exit ms","        if (Number(process.env.npm_config_timeout_exit)) {","            setTimeout(process.exit, Number(process.env.npm_config_timeout_exit));","        }","        // start server","        if (local.global.utility2_serverHttp1) {","            break;","        }","        process.env.PORT = process.env.PORT || '8081';","        console.error('server starting on port ' + process.env.PORT);","        local.http.createServer(function (request, response) {","            request.urlParsed = local.url.parse(request.url);","            if (local.assetsDict[request.urlParsed.pathname] !== undefined) {","                response.end(local.assetsDict[request.urlParsed.pathname]);","                return;","            }","            response.statusCode = 404;","            response.end();","        }).listen(process.env.PORT);","        break;","    }","}());",""],"l":{"26":2,"28":2,"33":2,"35":2,"37":2,"38":2,"39":2,"44":1,"51":2,"55":2,"59":2,"61":2,"69":1,"70":2,"76":2,"79":2,"82":2,"83":2,"85":1,"89":2,"92":1,"93":1,"94":1,"96":1,"97":1,"100":1,"101":1,"103":1,"106":1,"108":2,"114":1,"116":1,"118":1,"123":1,"124":2,"125":2,"126":3,"127":3,"128":3,"129":3,"130":1,"133":3,"134":3,"139":3,"143":1,"144":3,"145":1,"149":1,"150":1,"158":1,"160":1,"161":1,"162":1,"164":1,"166":1,"258":1,"259":1,"271":1,"274":6,"275":6,"277":1,"279":2,"281":1,"283":2,"288":1,"289":1,"291":1,"296":1,"303":1,"306":1,"307":1,"310":1,"311":1,"313":1,"314":1,"315":1,"316":1,"317":1,"318":1,"319":1,"321":1,"322":1,"324":1}},"/home/travis/build/npmtest/node-npmtest-xss/node_modules/xss/lib/index.js":{"path":"/home/travis/build/npmtest/node-npmtest-xss/node_modules/xss/lib/index.js","s":{"1":1,"2":1,"3":1,"4":1,"5":0,"6":0,"7":1,"8":1,"9":1,"10":21,"11":1,"12":2,"13":1,"14":0},"b":{"1":[0,1]},"f":{"1":0},"fnMap":{"1":{"name":"filterXSS","line":19,"loc":{"start":{"line":19,"column":0},"end":{"line":19,"column":35}}}},"statementMap":{"1":{"start":{"line":7,"column":0},"end":{"line":7,"column":35}},"2":{"start":{"line":8,"column":0},"end":{"line":8,"column":33}},"3":{"start":{"line":9,"column":0},"end":{"line":9,"column":33}},"4":{"start":{"line":19,"column":0},"end":{"line":22,"column":1}},"5":{"start":{"line":20,"column":2},"end":{"line":20,"column":35}},"6":{"start":{"line":21,"column":2},"end":{"line":21,"column":27}},"7":{"start":{"line":26,"column":0},"end":{"line":26,"column":37}},"8":{"start":{"line":27,"column":0},"end":{"line":27,"column":30}},"9":{"start":{"line":28,"column":0},"end":{"line":28,"column":47}},"10":{"start":{"line":28,"column":23},"end":{"line":28,"column":47}},"11":{"start":{"line":29,"column":0},"end":{"line":29,"column":45}},"12":{"start":{"line":29,"column":22},"end":{"line":29,"column":45}},"13":{"start":{"line":33,"column":0},"end":{"line":35,"column":1}},"14":{"start":{"line":34,"column":2},"end":{"line":34,"column":36}}},"branchMap":{"1":{"line":33,"type":"if","locations":[{"start":{"line":33,"column":0},"end":{"line":33,"column":0}},{"start":{"line":33,"column":0},"end":{"line":33,"column":0}}]}},"code":["/**"," * 模块入口"," *"," * @author 老雷<leizongmin@gmail.com>"," */","","var DEFAULT = require('./default');","var parser = require('./parser');","var FilterXSS = require('./xss');","","","/**"," * XSS过滤"," *"," * @param {String} html 要过滤的HTML代码"," * @param {Object} options 选项：whiteList, onTag, onTagAttr, onIgnoreTag, onIgnoreTagAttr, safeAttrValue, escapeHtml"," * @return {String}"," */","function filterXSS (html, options) {","  var xss = new FilterXSS(options);","  return xss.process(html);","}","","","// 输出","exports = module.exports = filterXSS;","exports.FilterXSS = FilterXSS;","for (var i in DEFAULT) exports[i] = DEFAULT[i];","for (var i in parser) exports[i] = parser[i];","","","// 在浏览器端使用","if (typeof window !== 'undefined') {","  window.filterXSS = module.exports;","}",""],"l":{"7":1,"8":1,"9":1,"19":1,"20":0,"21":0,"26":1,"27":1,"28":21,"29":2,"33":1,"34":0}},"/home/travis/build/npmtest/node-npmtest-xss/node_modules/xss/lib/default.js":{"path":"/home/travis/build/npmtest/node-npmtest-xss/node_modules/xss/lib/default.js","s":{"1":1,"2":1,"3":1,"4":1,"5":1,"6":1,"7":1,"8":1,"9":1,"10":1,"11":1,"12":0,"13":1,"14":0,"15":0,"16":0,"17":0,"18":0,"19":0,"20":0,"21":0,"22":0,"23":0,"24":0,"25":0,"26":0,"27":0,"28":0,"29":0,"30":0,"31":0,"32":0,"33":0,"34":0,"35":0,"36":0,"37":0,"38":0,"39":1,"40":1,"41":1,"42":1,"43":1,"44":1,"45":1,"46":1,"47":1,"48":1,"49":1,"50":1,"51":1,"52":1,"53":0,"54":1,"55":0,"56":1,"57":0,"58":0,"59":1,"60":0,"61":1,"62":0,"63":0,"64":0,"65":0,"66":1,"67":0,"68":0,"69":0,"70":0,"71":0,"72":1,"73":0,"74":0,"75":0,"76":1,"77":0,"78":1,"79":0,"80":0,"81":0,"82":1,"83":0,"84":0,"85":0,"86":0,"87":0,"88":0,"89":0,"90":0,"91":0,"92":0,"93":0,"94":0,"95":0,"96":0,"97":0,"98":0,"99":0,"100":0,"101":0,"102":0,"103":0,"104":0,"105":0,"106":0,"107":1,"108":0,"109":1,"110":1,"111":0,"112":0,"113":0,"114":0,"115":0,"116":0,"117":0,"118":0,"119":0,"120":0,"121":0,"122":1,"123":1,"124":1,"125":1,"126":1,"127":1,"128":1,"129":1,"130":1,"131":1,"132":1,"133":1,"134":1,"135":1,"136":1,"137":1,"138":1,"139":1,"140":1,"141":1,"142":1},"b":{"1":[0,0],"2":[0,0],"3":[0,0],"4":[0,0],"5":[0,0,0,0,0],"6":[0,0],"7":[0,0],"8":[0,0],"9":[0,0],"10":[0,0],"11":[0,0],"12":[0,0],"13":[0,0],"14":[0,0],"15":[0,0],"16":[0,0],"17":[0,0],"18":[0,0],"19":[0,0],"20":[0,0],"21":[0,0],"22":[0,0],"23":[0,0],"24":[0,0],"25":[0,0],"26":[0,0]},"f":{"1":1,"2":0,"3":0,"4":0,"5":0,"6":0,"7":0,"8":0,"9":0,"10":0,"11":0,"12":0,"13":0,"14":0,"15":0,"16":0,"17":0,"18":0,"19":0,"20":0,"21":0,"22":0,"23":0,"24":0,"25":0},"fnMap":{"1":{"name":"getDefaultWhiteList","line":12,"loc":{"start":{"line":12,"column":0},"end":{"line":12,"column":32}}},"2":{"name":"onTag","line":91,"loc":{"start":{"line":91,"column":0},"end":{"line":91,"column":36}}},"3":{"name":"onIgnoreTag","line":103,"loc":{"start":{"line":103,"column":0},"end":{"line":103,"column":42}}},"4":{"name":"onTagAttr","line":115,"loc":{"start":{"line":115,"column":0},"end":{"line":115,"column":38}}},"5":{"name":"onIgnoreTagAttr","line":127,"loc":{"start":{"line":127,"column":0},"end":{"line":127,"column":44}}},"6":{"name":"escapeHtml","line":136,"loc":{"start":{"line":136,"column":0},"end":{"line":136,"column":27}}},"7":{"name":"safeAttrValue","line":149,"loc":{"start":{"line":149,"column":0},"end":{"line":149,"column":53}}},"8":{"name":"escapeQuote","line":223,"loc":{"start":{"line":223,"column":0},"end":{"line":223,"column":27}}},"9":{"name":"unescapeQuote","line":233,"loc":{"start":{"line":233,"column":0},"end":{"line":233,"column":29}}},"10":{"name":"escapeHtmlEntities","line":243,"loc":{"start":{"line":243,"column":0},"end":{"line":243,"column":34}}},"11":{"name":"replaceUnicode","line":244,"loc":{"start":{"line":244,"column":42},"end":{"line":244,"column":78}}},"12":{"name":"escapeDangerHtml5Entities","line":257,"loc":{"start":{"line":257,"column":0},"end":{"line":257,"column":41}}},"13":{"name":"clearNonPrintableCharacter","line":268,"loc":{"start":{"line":268,"column":0},"end":{"line":268,"column":42}}},"14":{"name":"friendlyAttrValue","line":282,"loc":{"start":{"line":282,"column":0},"end":{"line":282,"column":33}}},"15":{"name":"escapeAttrValue","line":296,"loc":{"start":{"line":296,"column":0},"end":{"line":296,"column":31}}},"16":{"name":"onIgnoreTagStripAll","line":305,"loc":{"start":{"line":305,"column":0},"end":{"line":305,"column":32}}},"17":{"name":"StripTagBody","line":315,"loc":{"start":{"line":315,"column":0},"end":{"line":315,"column":35}}},"18":{"name":"(anonymous_18)","line":317,"loc":{"start":{"line":317,"column":11},"end":{"line":317,"column":23}}},"19":{"name":"isRemoveTag","line":321,"loc":{"start":{"line":321,"column":2},"end":{"line":321,"column":29}}},"20":{"name":"(anonymous_20)","line":330,"loc":{"start":{"line":330,"column":17},"end":{"line":330,"column":47}}},"21":{"name":"(anonymous_21)","line":348,"loc":{"start":{"line":348,"column":12},"end":{"line":348,"column":28}}},"22":{"name":"(anonymous_22)","line":351,"loc":{"start":{"line":351,"column":28},"end":{"line":351,"column":43}}},"23":{"name":"stripCommentTag","line":367,"loc":{"start":{"line":367,"column":0},"end":{"line":367,"column":32}}},"24":{"name":"stripBlankChar","line":378,"loc":{"start":{"line":378,"column":0},"end":{"line":378,"column":31}}},"25":{"name":"(anonymous_25)","line":380,"loc":{"start":{"line":380,"column":23},"end":{"line":380,"column":39}}}},"statementMap":{"1":{"start":{"line":7,"column":0},"end":{"line":7,"column":47}},"2":{"start":{"line":8,"column":0},"end":{"line":8,"column":70}},"3":{"start":{"line":9,"column":0},"end":{"line":9,"column":26}},"4":{"start":{"line":12,"column":0},"end":{"line":78,"column":1}},"5":{"start":{"line":13,"column":2},"end":{"line":77,"column":4}},"6":{"start":{"line":81,"column":0},"end":{"line":81,"column":39}},"7":{"start":{"line":91,"column":0},"end":{"line":93,"column":1}},"8":{"start":{"line":103,"column":0},"end":{"line":105,"column":1}},"9":{"start":{"line":115,"column":0},"end":{"line":117,"column":1}},"10":{"start":{"line":127,"column":0},"end":{"line":129,"column":1}},"11":{"start":{"line":136,"column":0},"end":{"line":138,"column":1}},"12":{"start":{"line":137,"column":2},"end":{"line":137,"column":68}},"13":{"start":{"line":149,"column":0},"end":{"line":200,"column":1}},"14":{"start":{"line":151,"column":2},"end":{"line":151,"column":35}},"15":{"start":{"line":153,"column":2},"end":{"line":195,"column":3}},"16":{"start":{"line":156,"column":4},"end":{"line":156,"column":26}},"17":{"start":{"line":157,"column":4},"end":{"line":157,"column":34}},"18":{"start":{"line":157,"column":23},"end":{"line":157,"column":34}},"19":{"start":{"line":158,"column":4},"end":{"line":164,"column":5}},"20":{"start":{"line":163,"column":6},"end":{"line":163,"column":16}},"21":{"start":{"line":165,"column":9},"end":{"line":195,"column":3}},"22":{"start":{"line":168,"column":4},"end":{"line":168,"column":47}},"23":{"start":{"line":169,"column":4},"end":{"line":171,"column":5}},"24":{"start":{"line":170,"column":6},"end":{"line":170,"column":16}},"25":{"start":{"line":172,"column":9},"end":{"line":195,"column":3}},"26":{"start":{"line":179,"column":4},"end":{"line":179,"column":47}},"27":{"start":{"line":180,"column":4},"end":{"line":182,"column":5}},"28":{"start":{"line":181,"column":6},"end":{"line":181,"column":16}},"29":{"start":{"line":184,"column":4},"end":{"line":184,"column":47}},"30":{"start":{"line":185,"column":4},"end":{"line":190,"column":5}},"31":{"start":{"line":186,"column":6},"end":{"line":186,"column":49}},"32":{"start":{"line":187,"column":6},"end":{"line":189,"column":7}},"33":{"start":{"line":188,"column":8},"end":{"line":188,"column":18}},"34":{"start":{"line":191,"column":4},"end":{"line":194,"column":5}},"35":{"start":{"line":192,"column":6},"end":{"line":192,"column":48}},"36":{"start":{"line":193,"column":6},"end":{"line":193,"column":39}},"37":{"start":{"line":198,"column":2},"end":{"line":198,"column":33}},"38":{"start":{"line":199,"column":2},"end":{"line":199,"column":15}},"39":{"start":{"line":203,"column":0},"end":{"line":203,"column":21}},"40":{"start":{"line":204,"column":0},"end":{"line":204,"column":21}},"41":{"start":{"line":205,"column":0},"end":{"line":205,"column":24}},"42":{"start":{"line":206,"column":0},"end":{"line":206,"column":31}},"43":{"start":{"line":207,"column":0},"end":{"line":207,"column":50}},"44":{"start":{"line":208,"column":0},"end":{"line":208,"column":44}},"45":{"start":{"line":209,"column":0},"end":{"line":209,"column":48}},"46":{"start":{"line":210,"column":0},"end":{"line":210,"column":49}},"47":{"start":{"line":211,"column":0},"end":{"line":211,"column":124}},"48":{"start":{"line":212,"column":0},"end":{"line":212,"column":69}},"49":{"start":{"line":213,"column":0},"end":{"line":213,"column":79}},"50":{"start":{"line":214,"column":0},"end":{"line":214,"column":84}},"51":{"start":{"line":215,"column":0},"end":{"line":215,"column":56}},"52":{"start":{"line":223,"column":0},"end":{"line":225,"column":1}},"53":{"start":{"line":224,"column":2},"end":{"line":224,"column":45}},"54":{"start":{"line":233,"column":0},"end":{"line":235,"column":1}},"55":{"start":{"line":234,"column":2},"end":{"line":234,"column":42}},"56":{"start":{"line":243,"column":0},"end":{"line":249,"column":1}},"57":{"start":{"line":244,"column":2},"end":{"line":248,"column":5}},"58":{"start":{"line":245,"column":4},"end":{"line":247,"column":54}},"59":{"start":{"line":257,"column":0},"end":{"line":260,"column":1}},"60":{"start":{"line":258,"column":2},"end":{"line":259,"column":53}},"61":{"start":{"line":268,"column":0},"end":{"line":274,"column":1}},"62":{"start":{"line":269,"column":2},"end":{"line":269,"column":16}},"63":{"start":{"line":270,"column":2},"end":{"line":272,"column":3}},"64":{"start":{"line":271,"column":4},"end":{"line":271,"column":57}},"65":{"start":{"line":273,"column":2},"end":{"line":273,"column":22}},"66":{"start":{"line":282,"column":0},"end":{"line":288,"column":1}},"67":{"start":{"line":283,"column":2},"end":{"line":283,"column":27}},"68":{"start":{"line":284,"column":2},"end":{"line":284,"column":32}},"69":{"start":{"line":285,"column":2},"end":{"line":285,"column":39}},"70":{"start":{"line":286,"column":2},"end":{"line":286,"column":40}},"71":{"start":{"line":287,"column":2},"end":{"line":287,"column":13}},"72":{"start":{"line":296,"column":0},"end":{"line":300,"column":1}},"73":{"start":{"line":297,"column":2},"end":{"line":297,"column":25}},"74":{"start":{"line":298,"column":2},"end":{"line":298,"column":24}},"75":{"start":{"line":299,"column":2},"end":{"line":299,"column":13}},"76":{"start":{"line":305,"column":0},"end":{"line":307,"column":1}},"77":{"start":{"line":306,"column":2},"end":{"line":306,"column":12}},"78":{"start":{"line":315,"column":0},"end":{"line":359,"column":1}},"79":{"start":{"line":316,"column":2},"end":{"line":318,"column":3}},"80":{"start":{"line":317,"column":4},"end":{"line":317,"column":26}},"81":{"start":{"line":320,"column":2},"end":{"line":320,"column":44}},"82":{"start":{"line":321,"column":2},"end":{"line":324,"column":3}},"83":{"start":{"line":322,"column":4},"end":{"line":322,"column":36}},"84":{"start":{"line":322,"column":24},"end":{"line":322,"column":36}},"85":{"start":{"line":323,"column":4},"end":{"line":323,"column":41}},"86":{"start":{"line":326,"column":2},"end":{"line":326,"column":22}},"87":{"start":{"line":327,"column":2},"end":{"line":327,"column":23}},"88":{"start":{"line":329,"column":2},"end":{"line":358,"column":4}},"89":{"start":{"line":331,"column":6},"end":{"line":346,"column":7}},"90":{"start":{"line":332,"column":8},"end":{"line":343,"column":9}},"91":{"start":{"line":333,"column":10},"end":{"line":333,"column":33}},"92":{"start":{"line":334,"column":10},"end":{"line":334,"column":50}},"93":{"start":{"line":335,"column":10},"end":{"line":335,"column":83}},"94":{"start":{"line":336,"column":10},"end":{"line":336,"column":27}},"95":{"start":{"line":337,"column":10},"end":{"line":337,"column":21}},"96":{"start":{"line":339,"column":10},"end":{"line":341,"column":11}},"97":{"start":{"line":340,"column":12},"end":{"line":340,"column":40}},"98":{"start":{"line":342,"column":10},"end":{"line":342,"column":29}},"99":{"start":{"line":345,"column":8},"end":{"line":345,"column":40}},"100":{"start":{"line":349,"column":6},"end":{"line":349,"column":23}},"101":{"start":{"line":350,"column":6},"end":{"line":350,"column":22}},"102":{"start":{"line":351,"column":6},"end":{"line":354,"column":9}},"103":{"start":{"line":352,"column":8},"end":{"line":352,"column":47}},"104":{"start":{"line":353,"column":8},"end":{"line":353,"column":25}},"105":{"start":{"line":355,"column":6},"end":{"line":355,"column":37}},"106":{"start":{"line":356,"column":6},"end":{"line":356,"column":21}},"107":{"start":{"line":367,"column":0},"end":{"line":369,"column":1}},"108":{"start":{"line":368,"column":2},"end":{"line":368,"column":52}},"109":{"start":{"line":370,"column":0},"end":{"line":370,"column":50}},"110":{"start":{"line":378,"column":0},"end":{"line":390,"column":1}},"111":{"start":{"line":379,"column":2},"end":{"line":379,"column":29}},"112":{"start":{"line":380,"column":2},"end":{"line":388,"column":5}},"113":{"start":{"line":381,"column":4},"end":{"line":381,"column":31}},"114":{"start":{"line":382,"column":4},"end":{"line":382,"column":32}},"115":{"start":{"line":382,"column":19},"end":{"line":382,"column":32}},"116":{"start":{"line":383,"column":4},"end":{"line":386,"column":5}},"117":{"start":{"line":384,"column":6},"end":{"line":384,"column":44}},"118":{"start":{"line":384,"column":32},"end":{"line":384,"column":44}},"119":{"start":{"line":385,"column":6},"end":{"line":385,"column":19}},"120":{"start":{"line":387,"column":4},"end":{"line":387,"column":16}},"121":{"start":{"line":389,"column":2},"end":{"line":389,"column":24}},"122":{"start":{"line":393,"column":0},"end":{"line":393,"column":42}},"123":{"start":{"line":394,"column":0},"end":{"line":394,"column":50}},"124":{"start":{"line":395,"column":0},"end":{"line":395,"column":22}},"125":{"start":{"line":396,"column":0},"end":{"line":396,"column":34}},"126":{"start":{"line":397,"column":0},"end":{"line":397,"column":30}},"127":{"start":{"line":398,"column":0},"end":{"line":398,"column":42}},"128":{"start":{"line":399,"column":0},"end":{"line":399,"column":38}},"129":{"start":{"line":400,"column":0},"end":{"line":400,"column":32}},"130":{"start":{"line":401,"column":0},"end":{"line":401,"column":34}},"131":{"start":{"line":402,"column":0},"end":{"line":402,"column":38}},"132":{"start":{"line":403,"column":0},"end":{"line":403,"column":48}},"133":{"start":{"line":404,"column":0},"end":{"line":404,"column":62}},"134":{"start":{"line":405,"column":0},"end":{"line":405,"column":64}},"135":{"start":{"line":406,"column":0},"end":{"line":406,"column":46}},"136":{"start":{"line":407,"column":0},"end":{"line":407,"column":42}},"137":{"start":{"line":408,"column":0},"end":{"line":408,"column":50}},"138":{"start":{"line":409,"column":0},"end":{"line":409,"column":36}},"139":{"start":{"line":410,"column":0},"end":{"line":410,"column":42}},"140":{"start":{"line":411,"column":0},"end":{"line":411,"column":40}},"141":{"start":{"line":412,"column":0},"end":{"line":412,"column":37}},"142":{"start":{"line":413,"column":0},"end":{"line":413,"column":56}}},"branchMap":{"1":{"line":153,"type":"if","locations":[{"start":{"line":153,"column":2},"end":{"line":153,"column":2}},{"start":{"line":153,"column":2},"end":{"line":153,"column":2}}]},"2":{"line":153,"type":"binary-expr","locations":[{"start":{"line":153,"column":6},"end":{"line":153,"column":21}},{"start":{"line":153,"column":25},"end":{"line":153,"column":39}}]},"3":{"line":157,"type":"if","locations":[{"start":{"line":157,"column":4},"end":{"line":157,"column":4}},{"start":{"line":157,"column":4},"end":{"line":157,"column":4}}]},"4":{"line":158,"type":"if","locations":[{"start":{"line":158,"column":4},"end":{"line":158,"column":4}},{"start":{"line":158,"column":4},"end":{"line":158,"column":4}}]},"5":{"line":158,"type":"binary-expr","locations":[{"start":{"line":158,"column":10},"end":{"line":158,"column":42}},{"start":{"line":159,"column":9},"end":{"line":159,"column":42}},{"start":{"line":160,"column":9},"end":{"line":160,"column":41}},{"start":{"line":161,"column":9},"end":{"line":161,"column":25}},{"start":{"line":162,"column":9},"end":{"line":162,"column":25}}]},"6":{"line":165,"type":"if","locations":[{"start":{"line":165,"column":9},"end":{"line":165,"column":9}},{"start":{"line":165,"column":9},"end":{"line":165,"column":9}}]},"7":{"line":169,"type":"if","locations":[{"start":{"line":169,"column":4},"end":{"line":169,"column":4}},{"start":{"line":169,"column":4},"end":{"line":169,"column":4}}]},"8":{"line":172,"type":"if","locations":[{"start":{"line":172,"column":9},"end":{"line":172,"column":9}},{"start":{"line":172,"column":9},"end":{"line":172,"column":9}}]},"9":{"line":180,"type":"if","locations":[{"start":{"line":180,"column":4},"end":{"line":180,"column":4}},{"start":{"line":180,"column":4},"end":{"line":180,"column":4}}]},"10":{"line":185,"type":"if","locations":[{"start":{"line":185,"column":4},"end":{"line":185,"column":4}},{"start":{"line":185,"column":4},"end":{"line":185,"column":4}}]},"11":{"line":187,"type":"if","locations":[{"start":{"line":187,"column":6},"end":{"line":187,"column":6}},{"start":{"line":187,"column":6},"end":{"line":187,"column":6}}]},"12":{"line":191,"type":"if","locations":[{"start":{"line":191,"column":4},"end":{"line":191,"column":4}},{"start":{"line":191,"column":4},"end":{"line":191,"column":4}}]},"13":{"line":192,"type":"binary-expr","locations":[{"start":{"line":192,"column":18},"end":{"line":192,"column":27}},{"start":{"line":192,"column":31},"end":{"line":192,"column":47}}]},"14":{"line":245,"type":"cond-expr","locations":[{"start":{"line":246,"column":14},"end":{"line":246,"column":63}},{"start":{"line":247,"column":14},"end":{"line":247,"column":53}}]},"15":{"line":245,"type":"binary-expr","locations":[{"start":{"line":245,"column":12},"end":{"line":245,"column":27}},{"start":{"line":245,"column":31},"end":{"line":245,"column":46}}]},"16":{"line":271,"type":"cond-expr","locations":[{"start":{"line":271,"column":37},"end":{"line":271,"column":40}},{"start":{"line":271,"column":43},"end":{"line":271,"column":56}}]},"17":{"line":316,"type":"if","locations":[{"start":{"line":316,"column":2},"end":{"line":316,"column":2}},{"start":{"line":316,"column":2},"end":{"line":316,"column":2}}]},"18":{"line":322,"type":"if","locations":[{"start":{"line":322,"column":4},"end":{"line":322,"column":4}},{"start":{"line":322,"column":4},"end":{"line":322,"column":4}}]},"19":{"line":331,"type":"if","locations":[{"start":{"line":331,"column":6},"end":{"line":331,"column":6}},{"start":{"line":331,"column":6},"end":{"line":331,"column":6}}]},"20":{"line":332,"type":"if","locations":[{"start":{"line":332,"column":8},"end":{"line":332,"column":8}},{"start":{"line":332,"column":8},"end":{"line":332,"column":8}}]},"21":{"line":335,"type":"cond-expr","locations":[{"start":{"line":335,"column":48},"end":{"line":335,"column":56}},{"start":{"line":335,"column":59},"end":{"line":335,"column":75}}]},"22":{"line":339,"type":"if","locations":[{"start":{"line":339,"column":10},"end":{"line":339,"column":10}},{"start":{"line":339,"column":10},"end":{"line":339,"column":10}}]},"23":{"line":382,"type":"if","locations":[{"start":{"line":382,"column":4},"end":{"line":382,"column":4}},{"start":{"line":382,"column":4},"end":{"line":382,"column":4}}]},"24":{"line":383,"type":"if","locations":[{"start":{"line":383,"column":4},"end":{"line":383,"column":4}},{"start":{"line":383,"column":4},"end":{"line":383,"column":4}}]},"25":{"line":384,"type":"if","locations":[{"start":{"line":384,"column":6},"end":{"line":384,"column":6}},{"start":{"line":384,"column":6},"end":{"line":384,"column":6}}]},"26":{"line":384,"type":"binary-expr","locations":[{"start":{"line":384,"column":10},"end":{"line":384,"column":18}},{"start":{"line":384,"column":22},"end":{"line":384,"column":30}}]}},"code":["/**"," * 默认配置"," *"," * @author 老雷<leizongmin@gmail.com>"," */","","var FilterCSS = require('cssfilter').FilterCSS;","var getDefaultCSSWhiteList = require('cssfilter').getDefaultWhiteList;","var _ = require('./util');","","// 默认白名单","function getDefaultWhiteList () {","  return {","    a:      ['target', 'href', 'title'],","    abbr:   ['title'],","    address: [],","    area:   ['shape', 'coords', 'href', 'alt'],","    article: [],","    aside:  [],","    audio:  ['autoplay', 'controls', 'loop', 'preload', 'src'],","    b:      [],","    bdi:    ['dir'],","    bdo:    ['dir'],","    big:    [],","    blockquote: ['cite'],","    br:     [],","    caption: [],","    center: [],","    cite:   [],","    code:   [],","    col:    ['align', 'valign', 'span', 'width'],","    colgroup: ['align', 'valign', 'span', 'width'],","    dd:     [],","    del:    ['datetime'],","    details: ['open'],","    div:    [],","    dl:     [],","    dt:     [],","    em:     [],","    font:   ['color', 'size', 'face'],","    footer: [],","    h1:     [],","    h2:     [],","    h3:     [],","    h4:     [],","    h5:     [],","    h6:     [],","    header: [],","    hr:     [],","    i:      [],","    img:    ['src', 'alt', 'title', 'width', 'height'],","    ins:    ['datetime'],","    li:     [],","    mark:   [],","    nav:    [],","    ol:     [],","    p:      [],","    pre:    [],","    s:      [],","    section:[],","    small:  [],","    span:   [],","    sub:    [],","    sup:    [],","    strong: [],","    table:  ['width', 'border', 'align', 'valign'],","    tbody:  ['align', 'valign'],","    td:     ['width', 'rowspan', 'colspan', 'align', 'valign'],","    tfoot:  ['align', 'valign'],","    th:     ['width', 'rowspan', 'colspan', 'align', 'valign'],","    thead:  ['align', 'valign'],","    tr:     ['rowspan', 'align', 'valign'],","    tt:     [],","    u:      [],","    ul:     [],","    video:  ['autoplay', 'controls', 'loop', 'preload', 'src', 'height', 'width']","  };","}","","// 默认CSS Filter","var defaultCSSFilter = new FilterCSS();","","/**"," * 匹配到标签时的处理方法"," *"," * @param {String} tag"," * @param {String} html"," * @param {Object} options"," * @return {String}"," */","function onTag (tag, html, options) {","  // do nothing","}","","/**"," * 匹配到不在白名单上的标签时的处理方法"," *"," * @param {String} tag"," * @param {String} html"," * @param {Object} options"," * @return {String}"," */","function onIgnoreTag (tag, html, options) {","  // do nothing","}","","/**"," * 匹配到标签属性时的处理方法"," *"," * @param {String} tag"," * @param {String} name"," * @param {String} value"," * @return {String}"," */","function onTagAttr (tag, name, value) {","  // do nothing","}","","/**"," * 匹配到不在白名单上的标签属性时的处理方法"," *"," * @param {String} tag"," * @param {String} name"," * @param {String} value"," * @return {String}"," */","function onIgnoreTagAttr (tag, name, value) {","  // do nothing","}","","/**"," * HTML转义"," *"," * @param {String} html"," */","function escapeHtml (html) {","  return html.replace(REGEXP_LT, '&lt;').replace(REGEXP_GT, '&gt;');","}","","/**"," * 安全的标签属性值"," *"," * @param {String} tag"," * @param {String} name"," * @param {String} value"," * @param {Object} cssFilter"," * @return {String}"," */","function safeAttrValue (tag, name, value, cssFilter) {","  // 转换为友好的属性值，再做判断","  value = friendlyAttrValue(value);","","  if (name === 'href' || name === 'src') {","    // 过滤 href 和 src 属性","    // 仅允许 http:// | https:// | mailto: | / | # 开头的地址","    value = _.trim(value);","    if (value === '#') return '#';","    if (!(value.substr(0, 7) === 'http://' ||","         value.substr(0, 8) === 'https://' ||","         value.substr(0, 7) === 'mailto:' ||","         value[0] === '#' ||","         value[0] === '/')) {","      return '';","    }","  } else if (name === 'background') {","    // 过滤 background 属性 （这个xss漏洞较老了，可能已经不适用）","    // javascript:","    REGEXP_DEFAULT_ON_TAG_ATTR_4.lastIndex = 0;","    if (REGEXP_DEFAULT_ON_TAG_ATTR_4.test(value)) {","      return '';","    }","  } else if (name === 'style') {","    // /*注释*/","    /*REGEXP_DEFAULT_ON_TAG_ATTR_3.lastIndex = 0;","    if (REGEXP_DEFAULT_ON_TAG_ATTR_3.test(value)) {","      return '';","    }*/","    // expression()","    REGEXP_DEFAULT_ON_TAG_ATTR_7.lastIndex = 0;","    if (REGEXP_DEFAULT_ON_TAG_ATTR_7.test(value)) {","      return '';","    }","    // url()","    REGEXP_DEFAULT_ON_TAG_ATTR_8.lastIndex = 0;","    if (REGEXP_DEFAULT_ON_TAG_ATTR_8.test(value)) {","      REGEXP_DEFAULT_ON_TAG_ATTR_4.lastIndex = 0;","      if (REGEXP_DEFAULT_ON_TAG_ATTR_4.test(value)) {","        return '';","      }","    }","    if (cssFilter !== false) {","      cssFilter = cssFilter || defaultCSSFilter;","      value = cssFilter.process(value);","    }","  }","","  // 输出时需要转义<>\"","  value = escapeAttrValue(value);","  return value;","}","","// 正则表达式","var REGEXP_LT = /</g;","var REGEXP_GT = />/g;","var REGEXP_QUOTE = /\"/g;","var REGEXP_QUOTE_2 = /&quot;/g;","var REGEXP_ATTR_VALUE_1 = /&#([a-zA-Z0-9]*);?/img;","var REGEXP_ATTR_VALUE_COLON = /&colon;?/img;","var REGEXP_ATTR_VALUE_NEWLINE = /&newline;?/img;","var REGEXP_DEFAULT_ON_TAG_ATTR_3 = /\\/\\*|\\*\\//mg;","var REGEXP_DEFAULT_ON_TAG_ATTR_4 = /((j\\s*a\\s*v\\s*a|v\\s*b|l\\s*i\\s*v\\s*e)\\s*s\\s*c\\s*r\\s*i\\s*p\\s*t\\s*|m\\s*o\\s*c\\s*h\\s*a)\\:/ig;","var REGEXP_DEFAULT_ON_TAG_ATTR_5 = /^[\\s\"'`]*(d\\s*a\\s*t\\s*a\\s*)\\:/ig;","var REGEXP_DEFAULT_ON_TAG_ATTR_6 = /^[\\s\"'`]*(d\\s*a\\s*t\\s*a\\s*)\\:\\s*image\\//ig;","var REGEXP_DEFAULT_ON_TAG_ATTR_7 = /e\\s*x\\s*p\\s*r\\s*e\\s*s\\s*s\\s*i\\s*o\\s*n\\s*\\(.*/ig;","var REGEXP_DEFAULT_ON_TAG_ATTR_8 = /u\\s*r\\s*l\\s*\\(.*/ig;","","/**"," * 对双引号进行转义"," *"," * @param {String} str"," * @return {String} str"," */","function escapeQuote (str) {","  return str.replace(REGEXP_QUOTE, '&quot;');","}","","/**"," * 对双引号进行转义"," *"," * @param {String} str"," * @return {String} str"," */","function unescapeQuote (str) {","  return str.replace(REGEXP_QUOTE_2, '\"');","}","","/**"," * 对html实体编码进行转义"," *"," * @param {String} str"," * @return {String}"," */","function escapeHtmlEntities (str) {","  return str.replace(REGEXP_ATTR_VALUE_1, function replaceUnicode (str, code) {","    return (code[0] === 'x' || code[0] === 'X')","            ? String.fromCharCode(parseInt(code.substr(1), 16))","            : String.fromCharCode(parseInt(code, 10));","  });","}","","/**"," * 对html5新增的危险实体编码进行转义"," *"," * @param {String} str"," * @return {String}"," */","function escapeDangerHtml5Entities (str) {","  return str.replace(REGEXP_ATTR_VALUE_COLON, ':')","            .replace(REGEXP_ATTR_VALUE_NEWLINE, ' ');","}","","/**"," * 清除不可见字符"," *"," * @param {String} str"," * @return {String}"," */","function clearNonPrintableCharacter (str) {","  var str2 = '';","  for (var i = 0, len = str.length; i < len; i++) {","    str2 += str.charCodeAt(i) < 32 ? ' ' : str.charAt(i);","  }","  return _.trim(str2);","}","","/**"," * 将标签的属性值转换成一般字符，便于分析"," *"," * @param {String} str"," * @return {String}"," */","function friendlyAttrValue (str) {","  str = unescapeQuote(str);             // 双引号","  str = escapeHtmlEntities(str);         // 转换HTML实体编码","  str = escapeDangerHtml5Entities(str);  // 转换危险的HTML5新增实体编码","  str = clearNonPrintableCharacter(str); // 清除不可见字符","  return str;","}","","/**"," * 转义用于输出的标签属性值"," *"," * @param {String} str"," * @return {String}"," */","function escapeAttrValue (str) {","  str = escapeQuote(str);","  str = escapeHtml(str);","  return str;","}","","/**"," * 去掉不在白名单中的标签onIgnoreTag处理方法"," */","function onIgnoreTagStripAll () {","  return '';","}","","/**"," * 删除标签体"," *"," * @param {array} tags 要删除的标签列表"," * @param {function} next 对不在列表中的标签的处理函数，可选"," */","function StripTagBody (tags, next) {","  if (typeof(next) !== 'function') {","    next = function () {};","  }","","  var isRemoveAllTag = !Array.isArray(tags);","  function isRemoveTag (tag) {","    if (isRemoveAllTag) return true;","    return (_.indexOf(tags, tag) !== -1);","  }","","  var removeList = [];   // 要删除的位置范围列表","  var posStart = false;  // 当前标签开始位置","","  return {","    onIgnoreTag: function (tag, html, options) {","      if (isRemoveTag(tag)) {","        if (options.isClosing) {","          var ret = '[/removed]';","          var end = options.position + ret.length;","          removeList.push([posStart !== false ? posStart : options.position, end]);","          posStart = false;","          return ret;","     
[...]
0,"96":0,"97":0,"98":0,"99":0,"100":0,"101":0,"102":1},"b":{"1":[0,0],"2":[0,0],"3":[0,0],"4":[0,0],"5":[0,0],"6":[0,0],"7":[0,0],"8":[0,0],"9":[0,0],"10":[0,0],"11":[0,0],"12":[0,0],"13":[0,0],"14":[0,0],"15":[0,0],"16":[0,0],"17":[0,0],"18":[0,0],"19":[0,0],"20":[0,0],"21":[0,0],"22":[0,0],"23":[0,0],"24":[0,0],"25":[0,0],"26":[0,0],"27":[0,0],"28":[0,0],"29":[0,0],"30":[0,0],"31":[0,0]},"f":{"1":0,"2":0,"3":0,"4":0,"5":0,"6":0,"7":0},"fnMap":{"1":{"name":"isNull","line":21,"loc":{"start":{"line":21,"column":0},"end":{"line":21,"column":22}}},"2":{"name":"getAttrs","line":33,"loc":{"start":{"line":33,"column":0},"end":{"line":33,"column":25}}},"3":{"name":"shallowCopyObject","line":56,"loc":{"start":{"line":56,"column":0},"end":{"line":56,"column":33}}},"4":{"name":"FilterXSS","line":73,"loc":{"start":{"line":73,"column":0},"end":{"line":73,"column":29}}},"5":{"name":"(anonymous_5)","line":106,"loc":{"start":{"line":106,"column":30},"end":{"line":106,"column":46}}},"6":{"name":"(anonymous_6)","line":140,"loc":{"start":{"line":140,"column":31},"end":{"line":140,"column":89}}},"7":{"name":"(anonymous_7)","line":162,"loc":{"start":{"line":162,"column":44},"end":{"line":162,"column":67}}}},"statementMap":{"1":{"start":{"line":7,"column":0},"end":{"line":7,"column":47}},"2":{"start":{"line":8,"column":0},"end":{"line":8,"column":35}},"3":{"start":{"line":9,"column":0},"end":{"line":9,"column":33}},"4":{"start":{"line":10,"column":0},"end":{"line":10,"column":31}},"5":{"start":{"line":11,"column":0},"end":{"line":11,"column":33}},"6":{"start":{"line":12,"column":0},"end":{"line":12,"column":26}},"7":{"start":{"line":21,"column":0},"end":{"line":23,"column":1}},"8":{"start":{"line":22,"column":2},"end":{"line":22,"column":45}},"9":{"start":{"line":33,"column":0},"end":{"line":48,"column":1}},"10":{"start":{"line":34,"column":2},"end":{"line":34,"column":28}},"11":{"start":{"line":35,"column":2},"end":{"line":40,"column":3}},"12":{"start":{"line":36,"column":4},"end":{"line":39,"column":6}},"13":{"start":{"line":41,"column":2},"end":{"line":41,"column":39}},"14":{"start":{"line":42,"column":2},"end":{"line":42,"column":50}},"15":{"start":{"line":43,"column":2},"end":{"line":43,"column":50}},"16":{"start":{"line":43,"column":17},"end":{"line":43,"column":50}},"17":{"start":{"line":44,"column":2},"end":{"line":47,"column":4}},"18":{"start":{"line":56,"column":0},"end":{"line":62,"column":1}},"19":{"start":{"line":57,"column":2},"end":{"line":57,"column":15}},"20":{"start":{"line":58,"column":2},"end":{"line":60,"column":3}},"21":{"start":{"line":59,"column":4},"end":{"line":59,"column":20}},"22":{"start":{"line":61,"column":2},"end":{"line":61,"column":13}},"23":{"start":{"line":73,"column":0},"end":{"line":98,"column":1}},"24":{"start":{"line":74,"column":2},"end":{"line":74,"column":45}},"25":{"start":{"line":76,"column":2},"end":{"line":81,"column":3}},"26":{"start":{"line":77,"column":4},"end":{"line":79,"column":5}},"27":{"start":{"line":78,"column":6},"end":{"line":78,"column":111}},"28":{"start":{"line":80,"column":4},"end":{"line":80,"column":54}},"29":{"start":{"line":83,"column":2},"end":{"line":83,"column":61}},"30":{"start":{"line":84,"column":2},"end":{"line":84,"column":49}},"31":{"start":{"line":85,"column":2},"end":{"line":85,"column":61}},"32":{"start":{"line":86,"column":2},"end":{"line":86,"column":67}},"33":{"start":{"line":87,"column":2},"end":{"line":87,"column":79}},"34":{"start":{"line":88,"column":2},"end":{"line":88,"column":73}},"35":{"start":{"line":89,"column":2},"end":{"line":89,"column":64}},"36":{"start":{"line":90,"column":2},"end":{"line":90,"column":25}},"37":{"start":{"line":92,"column":2},"end":{"line":97,"column":3}},"38":{"start":{"line":93,"column":4},"end":{"line":93,"column":27}},"39":{"start":{"line":95,"column":4},"end":{"line":95,"column":36}},"40":{"start":{"line":96,"column":4},"end":{"line":96,"column":48}},"41":{"start":{"line":106,"column":0},"end":{"line":208,"column":2}},"42":{"start":{"line":108,"column":2},"end":{"line":108,"column":20}},"43":{"start":{"line":109,"column":2},"end":{"line":109,"column":25}},"44":{"start":{"line":110,"column":2},"end":{"line":110,"column":23}},"45":{"start":{"line":110,"column":13},"end":{"line":110,"column":23}},"46":{"start":{"line":112,"column":2},"end":{"line":112,"column":16}},"47":{"start":{"line":113,"column":2},"end":{"line":113,"column":27}},"48":{"start":{"line":114,"column":2},"end":{"line":114,"column":36}},"49":{"start":{"line":115,"column":2},"end":{"line":115,"column":28}},"50":{"start":{"line":116,"column":2},"end":{"line":116,"column":40}},"51":{"start":{"line":117,"column":2},"end":{"line":117,"column":36}},"52":{"start":{"line":118,"column":2},"end":{"line":118,"column":48}},"53":{"start":{"line":119,"column":2},"end":{"line":119,"column":44}},"54":{"start":{"line":120,"column":2},"end":{"line":120,"column":38}},"55":{"start":{"line":121,"column":2},"end":{"line":121,"column":31}},"56":{"start":{"line":124,"column":2},"end":{"line":126,"column":3}},"57":{"start":{"line":125,"column":4},"end":{"line":125,"column":40}},"58":{"start":{"line":129,"column":2},"end":{"line":131,"column":3}},"59":{"start":{"line":130,"column":4},"end":{"line":130,"column":41}},"60":{"start":{"line":134,"column":2},"end":{"line":134,"column":33}},"61":{"start":{"line":135,"column":2},"end":{"line":138,"column":3}},"62":{"start":{"line":136,"column":4},"end":{"line":136,"column":91}},"63":{"start":{"line":137,"column":4},"end":{"line":137,"column":49}},"64":{"start":{"line":140,"column":2},"end":{"line":200,"column":17}},"65":{"start":{"line":141,"column":4},"end":{"line":146,"column":6}},"66":{"start":{"line":149,"column":4},"end":{"line":149,"column":37}},"67":{"start":{"line":150,"column":4},"end":{"line":150,"column":33}},"68":{"start":{"line":150,"column":22},"end":{"line":150,"column":33}},"69":{"start":{"line":153,"column":4},"end":{"line":198,"column":5}},"70":{"start":{"line":156,"column":6},"end":{"line":158,"column":7}},"71":{"start":{"line":157,"column":8},"end":{"line":157,"column":32}},"72":{"start":{"line":160,"column":6},"end":{"line":160,"column":33}},"73":{"start":{"line":161,"column":6},"end":{"line":161,"column":41}},"74":{"start":{"line":162,"column":6},"end":{"line":184,"column":9}},"75":{"start":{"line":165,"column":8},"end":{"line":165,"column":66}},"76":{"start":{"line":166,"column":8},"end":{"line":166,"column":59}},"77":{"start":{"line":167,"column":8},"end":{"line":167,"column":37}},"78":{"start":{"line":167,"column":26},"end":{"line":167,"column":37}},"79":{"start":{"line":170,"column":8},"end":{"line":183,"column":9}},"80":{"start":{"line":172,"column":10},"end":{"line":172,"column":61}},"81":{"start":{"line":173,"column":10},"end":{"line":177,"column":11}},"82":{"start":{"line":174,"column":12},"end":{"line":174,"column":45}},"83":{"start":{"line":176,"column":12},"end":{"line":176,"column":24}},"84":{"start":{"line":180,"column":10},"end":{"line":180,"column":67}},"85":{"start":{"line":181,"column":10},"end":{"line":181,"column":39}},"86":{"start":{"line":181,"column":28},"end":{"line":181,"column":39}},"87":{"start":{"line":182,"column":10},"end":{"line":182,"column":17}},"88":{"start":{"line":187,"column":6},"end":{"line":187,"column":27}},"89":{"start":{"line":188,"column":6},"end":{"line":188,"column":45}},"90":{"start":{"line":188,"column":21},"end":{"line":188,"column":45}},"91":{"start":{"line":189,"column":6},"end":{"line":189,"column":38}},"92":{"start":{"line":189,"column":25},"end":{"line":189,"column":38}},"93":{"start":{"line":190,"column":6},"end":{"line":190,"column":18}},"94":{"start":{"line":191,"column":6},"end":{"line":191,"column":18}},"95":{"start":{"line":195,"column":6},"end":{"line":195,"column":45}},"96":{"start":{"line":196,"column":6},"end":{"line":196,"column":35}},"97":{"start":{"line":196,"column":24},"end":{"line":196,"column":35}},"98":{"start":{"line":197,"column":6},"end":{"line":197,"column":30}},"99":{"start":{"line":203,"column":2},"end":{"line":205,"column":3}},"100":{"start":{"line":204,"column":4},"end":{"line":204,"column":49}},"101":{"start":{"line":207,"column":2},"end":{"line":207,"column":17}},"102":{"start":{"line":211,"column":0},"end":{"line":211,"column":27}}},"branchMap":{"1":{"line":22,"type":"binary-expr","locations":[{"start":{"line":22,"column":10},"end":{"line":22,"column":27}},{"start":{"line":22,"column":31},"end":{"line":22,"column":43}}]},"2":{"line":35,"type":"if","locations":[{"start":{"line":35,"column":2},"end":{"line":35,"column":2}},{"start":{"line":35,"column":2},"end":{"line":35,"column":2}}]},"3":{"line":43,"type":"if","locations":[{"start":{"line":43,"column":2},"end":{"line":43,"column":2}},{"start":{"line":43,"column":2},"end":{"line":43,"column":2}}]},"4":{"line":74,"type":"binary-expr","locations":[{"start":{"line":74,"column":30},"end":{"line":74,"column":37}},{"start":{"line":74,"column":41},"end":{"line":74,"column":43}}]},"5":{"line":76,"type":"if","locations":[{"start":{"line":76,"column":2},"end":{"line":76,"column":2}},{"start":{"line":76,"column":2},"end":{"line":76,"column":2}}]},"6":{"line":77,"type":"if","locations":[{"start":{"line":77,"column":4},"end":{"line":77,"column":4}},{"start":{"line":77,"column":4},"end":{"line":77,"column":4}}]},"7":{"line":83,"type":"binary-expr","locations":[{"start":{"line":83,"column":22},"end":{"line":83,"column":39}},{"start":{"line":83,"column":43},"end":{"line":83,"column":60}}]},"8":{"line":84,"type":"binary-expr","locations":[{"start":{"line":84,"column":18},"end":{"line":84,"column":31}},{"start":{"line":84,"column":35},"end":{"line":84,"column":48}}]},"9":{"line":85,"type":"binary-expr","locations":[{"start":{"line":85,"column":22},"end":{"line":85,"column":39}},{"start":{"line":85,"column":43},"end":{"line":85,"column":60}}]},"10":{"line":86,"type":"binary-expr","locations":[{"start":{"line":86,"column":24},"end":{"line":86,"column":43}},{"start":{"line":86,"column":47},"end":{"line":86,"column":66}}]},"11":{"line":87,"type":"binary-expr","locations":[{"start":{"line":87,"column":28},"end":{"line":87,"column":51}},{"start":{"line":87,"column":55},"end":{"line":87,"column":78}}]},"12":{"line":88,"type":"binary-expr","locations":[{"start":{"line":88,"column":26},"end":{"line":88,"column":47}},{"start":{"line":88,"column":51},"end":{"line":88,"column":72}}]},"13":{"line":89,"type":"binary-expr","locations":[{"start":{"line":89,"column":23},"end":{"line":89,"column":41}},{"start":{"line":89,"column":45},"end":{"line":89,"column":63}}]},"14":{"line":92,"type":"if","locations":[{"start":{"line":92,"column":2},"end":{"line":92,"column":2}},{"start":{"line":92,"column":2},"end":{"line":92,"column":2}}]},"15":{"line":95,"type":"binary-expr","locations":[{"start":{"line":95,"column":18},"end":{"line":95,"column":29}},{"start":{"line":95,"column":33},"end":{"line":95,"column":35}}]},"16":{"line":108,"type":"binary-expr","locations":[{"start":{"line":108,"column":9},"end":{"line":108,"column":13}},{"start":{"line":108,"column":17},"end":{"line":108,"column":19}}]},"17":{"line":110,"type":"if","locations":[{"start":{"line":110,"column":2},"end":{"line":110,"column":2}},{"start":{"line":110,"column":2},"end":{"line":110,"column":2}}]},"18":{"line":124,"type":"if","locations":[{"start":{"line":124,"column":2},"end":{"line":124,"column":2}},{"start":{"line":124,"column":2},"end":{"line":124,"column":2}}]},"19":{"line":129,"type":"if","locations":[{"start":{"line":129,"column":2},"end":{"line":129,"column":2}},{"start":{"line":129,"column":2},"end":{"line":129,"column":2}}]},"20":{"line":135,"type":"if","locations":[{"start":{"line":135,"column":2},"end":{"line":135,"column":2}},{"start":{"line":135,"column":2},"end":{"line":135,"column":2}}]},"21":{"line":150,"type":"if","locations":[{"start":{"line":150,"column":4},"end":{"line":150,"column":4}},{"start":{"line":150,"column":4},"end":{"line":150,"column":4}}]},"22":{"line":153,"type":"if","locations":[{"start":{"line":153,"column":4},"end":{"line":153,"column":4}},{"start":{"line":153,"column":4},"end":{"line":153,"column":4}}]},"23":{"line":156,"type":"if","locations":[{"start":{"line":156,"column":6},"end":{"line":156,"column":6}},{"start":{"line":156,"column":6},"end":{"line":156,"column":6}}]},"24":{"line":167,"type":"if","locations":[{"start":{"line":167,"column":8},"end":{"line":167,"column":8}},{"start":{"line":167,"column":8},"end":{"line":167,"column":8}}]},"25":{"line":170,"type":"if","locations":[{"start":{"line":170,"column":8},"end":{"line":170,"column":8}},{"start":{"line":170,"column":8},"end":{"line":170,"column":8}}]},"26":{"line":173,"type":"if","locations":[{"start":{"line":173,"column":10},"end":{"line":173,"column":10}},{"start":{"line":173,"column":10},"end":{"line":173,"column":10}}]},"27":{"line":181,"type":"if","locations":[{"start":{"line":181,"column":10},"end":{"line":181,"column":10}},{"start":{"line":181,"column":10},"end":{"line":181,"column":10}}]},"28":{"line":188,"type":"if","locations":[{"start":{"line":188,"column":6},"end":{"line":188,"column":6}},{"start":{"line":188,"column":6},"end":{"line":188,"column":6}}]},"29":{"line":189,"type":"if","locations":[{"start":{"line":189,"column":6},"end":{"line":189,"column":6}},{"start":{"line":189,"column":6},"end":{"line":189,"column":6}}]},"30":{"line":196,"type":"if","locations":[{"start":{"line":196,"column":6},"end":{"line":196,"column":6}},{"start":{"line":196,"column":6},"end":{"line":196,"column":6}}]},"31":{"line":203,"type":"if","locations":[{"start":{"line":203,"column":2},"end":{"line":203,"column":2}},{"start":{"line":203,"column":2},"end":{"line":203,"column":2}}]}},"code":["/**"," * 过滤XSS"," *"," * @author 老雷<leizongmin@gmail.com>"," */","","var FilterCSS = require('cssfilter').FilterCSS;","var DEFAULT = require('./default');","var parser = require('./parser');","var parseTag = parser.parseTag;","var parseAttr = parser.parseAttr;","var _ = require('./util');","","","/**"," * 返回值是否为空"," *"," * @param {Object} obj"," * @return {Boolean}"," */","function isNull (obj) {","  return (obj === undefined || obj === null);","}","","/**"," * 取标签内的属性列表字符串"," *"," * @param {String} html"," * @return {Object}"," *   - {String} html"," *   - {Boolean} closing"," */","function getAttrs (html) {","  var i = html.indexOf(' ');","  if (i === -1) {","    return {","      html:    '',","      closing: (html[html.length - 2] === '/')","    };","  }","  html = _.trim(html.slice(i + 1, -1));","  var isClosing = (html[html.length - 1] === '/');","  if (isClosing) html = _.trim(html.slice(0, -1));","  return {","    html:    html,","    closing: isClosing","  };","}","","/**"," * 浅拷贝对象"," *"," * @param {Object} obj"," * @return {Object}"," */","function shallowCopyObject (obj) {","  var ret = {};","  for (var i in obj) {","    ret[i] = obj[i];","  }","  return ret;","}","","/**"," * XSS过滤对象"," *"," * @param {Object} options"," *   选项：whiteList, onTag, onTagAttr, onIgnoreTag,"," *        onIgnoreTagAttr, safeAttrValue, escapeHtml"," *        stripIgnoreTagBody, allowCommentTag, stripBlankChar"," *        css{whiteList, onAttr, onIgnoreAttr} css=false表示禁用cssfilter"," */","function FilterXSS (options) {","  options = shallowCopyObject(options || {});","","  if (options.stripIgnoreTag) {","    if (options.onIgnoreTag) {","      console.error('Notes: cannot use these two options \"stripIgnoreTag\" and \"onIgnoreTag\" at the same time');","    }","    options.onIgnoreTag = DEFAULT.onIgnoreTagStripAll;","  }","","  options.whiteList = options.whiteList || DEFAULT.whiteList;","  options.onTag = options.onTag || DEFAULT.onTag;","  options.onTagAttr = options.onTagAttr || DEFAULT.onTagAttr;","  options.onIgnoreTag = options.onIgnoreTag || DEFAULT.onIgnoreTag;","  options.onIgnoreTagAttr = options.onIgnoreTagAttr || DEFAULT.onIgnoreTagAttr;","  options.safeAttrValue = options.safeAttrValue || DEFAULT.safeAttrValue;","  options.escapeHtml = options.escapeHtml || DEFAULT.escapeHtml;","  this.options = options;","","  if (options.css === false) {","    this.cssFilter = false;","  } else {","    options.css = options.css || {};","    this.cssFilter = new FilterCSS(options.css);","  }","}","","/**"," * 开始处理"," *"," * @param {String} html"," * @return {String}"," */","FilterXSS.prototype.process = function (html) {","  // 兼容各种奇葩输入","  html = html || '';","  html = html.toString();","  if (!html) return '';","","  var me = this;","  var options = me.options;","  var whiteList = options.whiteList;","  var onTag = options.onTag;","  var onIgnoreTag = options.onIgnoreTag;","  var onTagAttr = options.onTagAttr;","  var onIgnoreTagAttr = options.onIgnoreTagAttr;","  var safeAttrValue = options.safeAttrValue;","  var escapeHtml = options.escapeHtml;","  var cssFilter = me.cssFilter;","","  // 是否清除不可见字符","  if (options.stripBlankChar) {","    html = DEFAULT.stripBlankChar(html);","  }","","  // 是否禁止备注标签","  if (!options.allowCommentTag) {","    html = DEFAULT.stripCommentTag(html);","  }","","  // 如果开启了stripIgnoreTagBody","  var stripIgnoreTagBody = false;","  if (options.stripIgnoreTagBody) {","    var stripIgnoreTagBody = DEFAULT.StripTagBody(options.stripIgnoreTagBody, onIgnoreTag);","    onIgnoreTag = stripIgnoreTagBody.onIgnoreTag;","  }","","  var retHtml = parseTag(html, function (sourcePosition, position, tag, html, isClosing) {","    var info = {","      sourcePosition: sourcePosition,","      position:       position,","      isClosing:      isClosing,","      isWhite:        (tag in whiteList)","    };","","    // 调用onTag处理","    var ret = onTag(tag, html, info);","    if (!isNull(ret)) return ret;","","    // 默认标签处理方法","    if (info.isWhite) {","      // 白名单标签，解析标签属性","      // 如果是闭合标签，则不需要解析属性","      if (info.isClosing) {","        return '</' + tag + '>';","      }","","      var attrs = getAttrs(html);","      var whiteAttrList = whiteList[tag];","      var attrsHtml = parseAttr(attrs.html, function (name, value) {","","        // 调用onTagAttr处理","        var isWhiteAttr = (_.indexOf(whiteAttrList, name) !== -1);","        var ret = onTagAttr(tag, name, value, isWhiteAttr);","        if (!isNull(ret)) return ret;","","        // 默认的属性处理方法","        if (isWhiteAttr) {","          // 白名单属性，调用safeAttrValue过滤属性值","          value = safeAttrValue(tag, name, value, cssFilter);","          if (value) {","            return name + '=\"' + value + '\"';","          } else {","            return name;","          }","        } else {","          // 非白名单属性，调用onIgnoreTagAttr处理","          var ret = onIgnoreTagAttr(tag, name, value, isWhiteAttr);","          if (!isNull(ret)) return ret;","          return;","        }","      });","","      // 构造新的标签代码","      var html = '<' + tag;","      if (attrsHtml) html += ' ' + attrsHtml;","      if (attrs.closing) html += ' /';","      html += '>';","      return html;","","    } else {","      // 非白名单标签，调用onIgnoreTag处理","      var ret = onIgnoreTag(tag, html, info);","      if (!isNull(ret)) return ret;","      return escapeHtml(html);","    }","","  }, escapeHtml);","","  // 如果开启了stripIgnoreTagBody，需要对结果再进行处理","  if (stripIgnoreTagBody) {","    retHtml = stripIgnoreTagBody.remove(retHtml);","  }","","  return retHtml;","};","","","module.exports = FilterXSS;",""],"l":{"7":1,"8":1,"9":1,"10":1,"11":1,"12":1,"21":1,"22":0,"33":1,"34":0,"35":0,"36":0,"41":0,"42":0,"43":0,"44":0,"56":1,"57":0,"58":0,"59":0,"61":0,"73":1,"74":0,"76":0,"77":0,"78":0,"80":0,"83":0,"84":0,"85":0,"86":0,"87":0,"88":0,"89":0,"90":0,"92":0,"93":0,"95":0,"96":0,"106":1,"108":0,"109":0,"110":0,"112":0,"113":0,"114":0,"115":0,"116":0,"117":0,"118":0,"119":0,"120":0,"121":0,"124":0,"125":0,"129":0,"130":0,"134":0,"135":0,"136":0,"137":0,"140":0,"141":0,"149":0,"150":0,"153":0,"156":0,"157":0,"160":0,"161":0,"162":0,"165":0,"166":0,"167":0,"170":0,"172":0,"173":0,"174":0,"176":0,"180":0,"181":0,"182":0,"187":0,"188":0,"189":0,"190":0,"191":0,"195":0,"196":0,"197":0,"203":0,"204":0,"207":0,"211":1}}}